{"/home/travis/build/npmtest/node-npmtest-gcode/test.js":{"path":"/home/travis/build/npmtest/node-npmtest-gcode/test.js","s":{"1":2,"2":2,"3":2,"4":2,"5":2,"6":2,"7":2,"8":1,"9":2,"10":2,"11":1,"12":1,"13":1,"14":1,"15":2,"16":2,"17":2,"18":2,"19":1,"20":1,"21":2,"22":2,"23":2,"24":1,"25":1,"26":1,"27":1,"28":1,"29":1,"30":1,"31":1,"32":1,"33":1,"34":1,"35":1,"36":1,"37":1,"38":1,"39":2,"40":2,"41":1,"42":2,"43":2,"44":1,"45":2,"46":2,"47":1,"48":2,"49":2,"50":1,"51":1,"52":1,"53":1,"54":1},"b":{"1":[2,1,1,1],"2":[1,1,1,1],"3":[1,1],"4":[1,1],"5":[1,1],"6":[1,1],"7":[1,1],"8":[1,1],"9":[1,1],"10":[1,1,1],"11":[1,1],"12":[1,1],"13":[1,1],"14":[1,1],"15":[1,1],"16":[1,1],"17":[1,1]},"f":{"1":2,"2":2,"3":2,"4":2,"5":2,"6":1,"7":1,"8":1,"9":2,"10":2,"11":2,"12":2,"13":1},"fnMap":{"1":{"name":"(anonymous_1)","line":12,"loc":{"start":{"line":12,"column":1},"end":{"line":12,"column":13}}},"2":{"name":"(anonymous_2)","line":19,"loc":{"start":{"line":19,"column":5},"end":{"line":19,"column":17}}},"3":{"name":"(anonymous_3)","line":23,"loc":{"start":{"line":23,"column":24},"end":{"line":23,"column":36}}},"4":{"name":"(anonymous_4)","line":61,"loc":{"start":{"line":61,"column":5},"end":{"line":61,"column":17}}},"5":{"name":"(anonymous_5)","line":82,"loc":{"start":{"line":82,"column":5},"end":{"line":82,"column":17}}},"6":{"name":"(anonymous_6)","line":91,"loc":{"start":{"line":91,"column":77},"end":{"line":94,"column":10}}},"7":{"name":"(anonymous_7)","line":112,"loc":{"start":{"line":112,"column":83},"end":{"line":115,"column":10}},"skip":true},"8":{"name":"(anonymous_8)","line":123,"loc":{"start":{"line":123,"column":77},"end":{"line":126,"column":10}},"skip":true},"9":{"name":"(anonymous_9)","line":139,"loc":{"start":{"line":139,"column":12},"end":{"line":139,"column":40}},"skip":true},"10":{"name":"(anonymous_10)","line":147,"loc":{"start":{"line":147,"column":77},"end":{"line":150,"column":10}},"skip":true},"11":{"name":"(anonymous_11)","line":158,"loc":{"start":{"line":158,"column":83},"end":{"line":161,"column":10}},"skip":true},"12":{"name":"(anonymous_12)","line":169,"loc":{"start":{"line":169,"column":79},"end":{"line":172,"column":10}},"skip":true},"13":{"name":"(anonymous_13)","line":180,"loc":{"start":{"line":180,"column":75},"end":{"line":183,"column":10}},"skip":true}},"statementMap":{"1":{"start":{"line":12,"column":0},"end":{"line":195,"column":5}},"2":{"start":{"line":14,"column":4},"end":{"line":14,"column":14}},"3":{"start":{"line":19,"column":4},"end":{"line":56,"column":9}},"4":{"start":{"line":21,"column":8},"end":{"line":21,"column":19}},"5":{"start":{"line":23,"column":8},"end":{"line":35,"column":13}},"6":{"start":{"line":24,"column":12},"end":{"line":34,"column":13}},"7":{"start":{"line":25,"column":16},"end":{"line":28,"column":30}},"8":{"start":{"line":30,"column":16},"end":{"line":33,"column":27}},"9":{"start":{"line":37,"column":8},"end":{"line":39,"column":21}},"10":{"start":{"line":40,"column":8},"end":{"line":53,"column":9}},"11":{"start":{"line":43,"column":12},"end":{"line":46,"column":14}},"12":{"start":{"line":47,"column":12},"end":{"line":47,"column":18}},"13":{"start":{"line":50,"column":12},"end":{"line":51,"column":33}},"14":{"start":{"line":52,"column":12},"end":{"line":52,"column":18}},"15":{"start":{"line":55,"column":8},"end":{"line":55,"column":35}},"16":{"start":{"line":61,"column":4},"end":{"line":63,"column":9}},"17":{"start":{"line":62,"column":8},"end":{"line":62,"column":15}},"18":{"start":{"line":64,"column":4},"end":{"line":77,"column":5}},"19":{"start":{"line":70,"column":8},"end":{"line":70,"column":14}},"20":{"start":{"line":76,"column":8},"end":{"line":76,"column":14}},"21":{"start":{"line":82,"column":4},"end":{"line":84,"column":9}},"22":{"start":{"line":83,"column":8},"end":{"line":83,"column":15}},"23":{"start":{"line":85,"column":4},"end":{"line":194,"column":5}},"24":{"start":{"line":91,"column":8},"end":{"line":99,"column":10}},"25":{"start":{"line":98,"column":12},"end":{"line":98,"column":35}},"26":{"start":{"line":102,"column":8},"end":{"line":104,"column":63}},"27":{"start":{"line":105,"column":8},"end":{"line":105,"column":14}},"28":{"start":{"line":112,"column":8},"end":{"line":121,"column":10},"skip":true},"29":{"start":{"line":119,"column":12},"end":{"line":119,"column":55},"skip":true},"30":{"start":{"line":120,"column":12},"end":{"line":120,"column":48},"skip":true},"31":{"start":{"line":123,"column":8},"end":{"line":136,"column":10},"skip":true},"32":{"start":{"line":130,"column":12},"end":{"line":130,"column":76},"skip":true},"33":{"start":{"line":131,"column":12},"end":{"line":131,"column":73},"skip":true},"34":{"start":{"line":132,"column":12},"end":{"line":132,"column":74},"skip":true},"35":{"start":{"line":133,"column":12},"end":{"line":133,"column":79},"skip":true},"36":{"start":{"line":134,"column":12},"end":{"line":134,"column":25},"skip":true},"37":{"start":{"line":135,"column":12},"end":{"line":135,"column":45},"skip":true},"38":{"start":{"line":138,"column":8},"end":{"line":145,"column":14},"skip":true},"39":{"start":{"line":143,"column":16},"end":{"line":143,"column":29},"skip":true},"40":{"start":{"line":144,"column":16},"end":{"line":144,"column":55},"skip":true},"41":{"start":{"line":147,"column":8},"end":{"line":156,"column":10},"skip":true},"42":{"start":{"line":154,"column":12},"end":{"line":154,"column":25},"skip":true},"43":{"start":{"line":155,"column":12},"end":{"line":155,"column":45},"skip":true},"44":{"start":{"line":158,"column":8},"end":{"line":167,"column":10},"skip":true},"45":{"start":{"line":165,"column":12},"end":{"line":165,"column":25},"skip":true},"46":{"start":{"line":166,"column":12},"end":{"line":166,"column":48},"skip":true},"47":{"start":{"line":169,"column":8},"end":{"line":178,"column":10},"skip":true},"48":{"start":{"line":176,"column":12},"end":{"line":176,"column":25},"skip":true},"49":{"start":{"line":177,"column":12},"end":{"line":177,"column":46},"skip":true},"50":{"start":{"line":180,"column":8},"end":{"line":189,"column":10},"skip":true},"51":{"start":{"line":187,"column":12},"end":{"line":187,"column":94},"skip":true},"52":{"start":{"line":188,"column":12},"end":{"line":188,"column":48},"skip":true},"53":{"start":{"line":192,"column":8},"end":{"line":192,"column":35},"skip":true},"54":{"start":{"line":193,"column":8},"end":{"line":193,"column":14},"skip":true}},"branchMap":{"1":{"line":25,"type":"binary-expr","locations":[{"start":{"line":25,"column":23},"end":{"line":25,"column":62}},{"start":{"line":26,"column":20},"end":{"line":26,"column":70}},{"start":{"line":27,"column":20},"end":{"line":27,"column":71}},{"start":{"line":28,"column":20},"end":{"line":28,"column":29}}]},"2":{"line":30,"type":"binary-expr","locations":[{"start":{"line":30,"column":23},"end":{"line":30,"column":37}},{"start":{"line":31,"column":20},"end":{"line":31,"column":61}},{"start":{"line":32,"column":20},"end":{"line":32,"column":70}},{"start":{"line":33,"column":20},"end":{"line":33,"column":26}}]},"3":{"line":37,"type":"cond-expr","locations":[{"start":{"line":38,"column":14},"end":{"line":38,"column":20}},{"start":{"line":39,"column":14},"end":{"line":39,"column":20}}]},"4":{"line":40,"type":"switch","locations":[{"start":{"line":42,"column":8},"end":{"line":47,"column":18}},{"start":{"line":49,"column":8},"end":{"line":52,"column":18}}]},"5":{"line":44,"type":"binary-expr","locations":[{"start":{"line":44,"column":16},"end":{"line":44,"column":44}},{"start":{"line":44,"column":48},"end":{"line":44,"column":66}}]},"6":{"line":50,"type":"binary-expr","locations":[{"start":{"line":50,"column":21},"end":{"line":50,"column":49}},{"start":{"line":50,"column":53},"end":{"line":50,"column":72}}]},"7":{"line":64,"type":"switch","locations":[{"start":{"line":69,"column":4},"end":{"line":70,"column":14}},{"start":{"line":75,"column":4},"end":{"line":76,"column":14}}]},"8":{"line":85,"type":"switch","locations":[{"start":{"line":90,"column":4},"end":{"line":105,"column":14}},{"start":{"line":111,"column":4},"end":{"line":193,"column":14},"skip":true}]},"9":{"line":91,"type":"binary-expr","locations":[{"start":{"line":91,"column":42},"end":{"line":91,"column":73}},{"start":{"line":91,"column":77},"end":{"line":99,"column":9}}]},"10":{"line":102,"type":"binary-expr","locations":[{"start":{"line":102,"column":18},"end":{"line":102,"column":32}},{"start":{"line":103,"column":12},"end":{"line":103,"column":53}},{"start":{"line":104,"column":12},"end":{"line":104,"column":61}}]},"11":{"line":112,"type":"binary-expr","locations":[{"start":{"line":112,"column":45},"end":{"line":112,"column":79},"skip":true},{"start":{"line":112,"column":83},"end":{"line":121,"column":9},"skip":true}]},"12":{"line":123,"type":"binary-expr","locations":[{"start":{"line":123,"column":42},"end":{"line":123,"column":73},"skip":true},{"start":{"line":123,"column":77},"end":{"line":136,"column":9},"skip":true}]},"13":{"line":138,"type":"binary-expr","locations":[{"start":{"line":138,"column":48},"end":{"line":138,"column":85},"skip":true},{"start":{"line":139,"column":12},"end":{"line":145,"column":13},"skip":true}]},"14":{"line":147,"type":"binary-expr","locations":[{"start":{"line":147,"column":42},"end":{"line":147,"column":73},"skip":true},{"start":{"line":147,"column":77},"end":{"line":156,"column":9},"skip":true}]},"15":{"line":158,"type":"binary-expr","locations":[{"start":{"line":158,"column":45},"end":{"line":158,"column":79},"skip":true},{"start":{"line":158,"column":83},"end":{"line":167,"column":9},"skip":true}]},"16":{"line":169,"type":"binary-expr","locations":[{"start":{"line":169,"column":43},"end":{"line":169,"column":75},"skip":true},{"start":{"line":169,"column":79},"end":{"line":178,"column":9},"skip":true}]},"17":{"line":180,"type":"binary-expr","locations":[{"start":{"line":180,"column":41},"end":{"line":180,"column":71},"skip":true},{"start":{"line":180,"column":75},"end":{"line":189,"column":9},"skip":true}]}},"code":["/* istanbul instrument in package npmtest_gcode */","/*jslint","    bitwise: true,","    browser: true,","    maxerr: 8,","    maxlen: 96,","    node: true,","    nomen: true,","    regexp: true,","    stupid: true","*/","(function () {","    'use strict';","    var local;","","","","    // run shared js-env code - pre-init","    (function () {","        // init local","        local = {};","        // init modeJs","        local.modeJs = (function () {","            try {","                return typeof navigator.userAgent === 'string' &&","                    typeof document.querySelector('body') === 'object' &&","                    typeof XMLHttpRequest.prototype.open === 'function' &&","                    'browser';","            } catch (errorCaughtBrowser) {","                return module.exports &&","                    typeof process.versions.node === 'string' &&","                    typeof require('http').createServer === 'function' &&","                    'node';","            }","        }());","        // init global","        local.global = local.modeJs === 'browser'","            ? window","            : global;","        switch (local.modeJs) {","        // re-init local from window.local","        case 'browser':","            local = local.global.utility2.objectSetDefault(","                local.global.utility2_rollup || local.global.local,","                local.global.utility2","            );","            break;","        // re-init local from example.js","        case 'node':","            local = (local.global.utility2_rollup || require('utility2'))","                .requireReadme();","            break;","        }","        // export local","        local.global.local = local;","    }());","","","","    // run shared js-env code - function","    (function () {","        return;","    }());","    switch (local.modeJs) {","","","","    // run browser js-env code - function","    case 'browser':","        break;","","","","    // run node js-env code - function","    case 'node':","        break;","    }","","","","    // run shared js-env code - post-init","    (function () {","        return;","    }());","    switch (local.modeJs) {","","","","    // run browser js-env code - post-init","    case 'browser':","        local.testCase_browser_nullCase = local.testCase_browser_nullCase || function (","            options,","            onError","        ) {","        /*","         * this function will test browsers's null-case handling-behavior-behavior","         */","            onError(null, options);","        };","","        // run tests","        local.nop(local.modeTest &&","            document.querySelector('#testRunButton1') &&","            document.querySelector('#testRunButton1').click());","        break;","","","","    // run node js-env code - post-init","    /* istanbul ignore next */","    case 'node':","        local.testCase_buildApidoc_default = local.testCase_buildApidoc_default || function (","            options,","            onError","        ) {","        /*","         * this function will test buildApidoc's default handling-behavior-behavior","         */","            options = { modulePathList: module.paths };","            local.buildApidoc(options, onError);","        };","","        local.testCase_buildApp_default = local.testCase_buildApp_default || function (","            options,","            onError","        ) {","        /*","         * this function will test buildApp's default handling-behavior-behavior","         */","            local.testCase_buildReadme_default(options, local.onErrorThrow);","            local.testCase_buildLib_default(options, local.onErrorThrow);","            local.testCase_buildTest_default(options, local.onErrorThrow);","            local.testCase_buildCustomOrg_default(options, local.onErrorThrow);","            options = [];","            local.buildApp(options, onError);","        };","","        local.testCase_buildCustomOrg_default = local.testCase_buildCustomOrg_default ||","            function (options, onError) {","            /*","             * this function will test buildCustomOrg's default handling-behavior","             */","                options = {};","                local.buildCustomOrg(options, onError);","            };","","        local.testCase_buildLib_default = local.testCase_buildLib_default || function (","            options,","            onError","        ) {","        /*","         * this function will test buildLib's default handling-behavior","         */","            options = {};","            local.buildLib(options, onError);","        };","","        local.testCase_buildReadme_default = local.testCase_buildReadme_default || function (","            options,","            onError","        ) {","        /*","         * this function will test buildReadme's default handling-behavior-behavior","         */","            options = {};","            local.buildReadme(options, onError);","        };","","        local.testCase_buildTest_default = local.testCase_buildTest_default || function (","            options,","            onError","        ) {","        /*","         * this function will test buildTest's default handling-behavior","         */","            options = {};","            local.buildTest(options, onError);","        };","","        local.testCase_webpage_default = local.testCase_webpage_default || function (","            options,","            onError","        ) {","        /*","         * this function will test webpage's default handling-behavior","         */","            options = { modeCoverageMerge: true, url: local.serverLocalHost + '?modeTest=1' };","            local.browserTest(options, onError);","        };","","        // run test-server","        local.testRunServer(local);","        break;","    }","}());",""],"l":{"12":2,"14":2,"19":2,"21":2,"23":2,"24":2,"25":2,"30":1,"37":2,"40":2,"43":1,"47":1,"50":1,"52":1,"55":2,"61":2,"62":2,"64":2,"70":1,"76":1,"82":2,"83":2,"85":2,"91":1,"98":1,"102":1,"105":1,"112":1,"119":1,"120":1,"123":1,"130":1,"131":1,"132":1,"133":1,"134":1,"135":1,"138":1,"143":2,"144":2,"147":1,"154":2,"155":2,"158":1,"165":2,"166":2,"169":1,"176":2,"177":2,"180":1,"187":1,"188":1,"192":1,"193":1}},"/home/travis/build/npmtest/node-npmtest-gcode/lib.npmtest_gcode.js":{"path":"/home/travis/build/npmtest/node-npmtest-gcode/lib.npmtest_gcode.js","s":{"1":2,"2":2,"3":2,"4":2,"5":2,"6":2,"7":2,"8":1,"9":2,"10":2,"11":2,"12":2,"13":1,"14":1,"15":1,"16":1},"b":{"1":[2,1,1,1],"2":[1,1,1,1],"3":[1,1],"4":[2,2],"5":[1,1]},"f":{"1":2,"2":2,"3":2},"fnMap":{"1":{"name":"(anonymous_1)","line":12,"loc":{"start":{"line":12,"column":1},"end":{"line":12,"column":13}}},"2":{"name":"(anonymous_2)","line":19,"loc":{"start":{"line":19,"column":5},"end":{"line":19,"column":17}}},"3":{"name":"(anonymous_3)","line":23,"loc":{"start":{"line":23,"column":24},"end":{"line":23,"column":36}}}},"statementMap":{"1":{"start":{"line":12,"column":0},"end":{"line":53,"column":5}},"2":{"start":{"line":14,"column":4},"end":{"line":14,"column":14}},"3":{"start":{"line":19,"column":4},"end":{"line":52,"column":9}},"4":{"start":{"line":21,"column":8},"end":{"line":21,"column":19}},"5":{"start":{"line":23,"column":8},"end":{"line":35,"column":13}},"6":{"start":{"line":24,"column":12},"end":{"line":34,"column":13}},"7":{"start":{"line":25,"column":16},"end":{"line":28,"column":30}},"8":{"start":{"line":30,"column":16},"end":{"line":33,"column":27}},"9":{"start":{"line":37,"column":8},"end":{"line":39,"column":21}},"10":{"start":{"line":41,"column":8},"end":{"line":41,"column":54}},"11":{"start":{"line":43,"column":8},"end":{"line":43,"column":50}},"12":{"start":{"line":45,"column":8},"end":{"line":51,"column":9}},"13":{"start":{"line":46,"column":12},"end":{"line":46,"column":56}},"14":{"start":{"line":48,"column":12},"end":{"line":48,"column":35}},"15":{"start":{"line":49,"column":12},"end":{"line":49,"column":49}},"16":{"start":{"line":50,"column":12},"end":{"line":50,"column":43}}},"branchMap":{"1":{"line":25,"type":"binary-expr","locations":[{"start":{"line":25,"column":23},"end":{"line":25,"column":62}},{"start":{"line":26,"column":20},"end":{"line":26,"column":70}},{"start":{"line":27,"column":20},"end":{"line":27,"column":71}},{"start":{"line":28,"column":20},"end":{"line":28,"column":29}}]},"2":{"line":30,"type":"binary-expr","locations":[{"start":{"line":30,"column":23},"end":{"line":30,"column":37}},{"start":{"line":31,"column":20},"end":{"line":31,"column":61}},{"start":{"line":32,"column":20},"end":{"line":32,"column":70}},{"start":{"line":33,"column":20},"end":{"line":33,"column":26}}]},"3":{"line":37,"type":"cond-expr","locations":[{"start":{"line":38,"column":14},"end":{"line":38,"column":20}},{"start":{"line":39,"column":14},"end":{"line":39,"column":20}}]},"4":{"line":41,"type":"binary-expr","locations":[{"start":{"line":41,"column":16},"end":{"line":41,"column":44}},{"start":{"line":41,"column":48},"end":{"line":41,"column":53}}]},"5":{"line":45,"type":"if","locations":[{"start":{"line":45,"column":8},"end":{"line":45,"column":8}},{"start":{"line":45,"column":8},"end":{"line":45,"column":8}}]}},"code":["/* istanbul instrument in package npmtest_gcode */","/*jslint","    bitwise: true,","    browser: true,","    maxerr: 8,","    maxlen: 96,","    node: true,","    nomen: true,","    regexp: true,","    stupid: true","*/","(function () {","    'use strict';","    var local;","","","","    // run shared js-env code - pre-init","    (function () {","        // init local","        local = {};","        // init modeJs","        local.modeJs = (function () {","            try {","                return typeof navigator.userAgent === 'string' &&","                    typeof document.querySelector('body') === 'object' &&","                    typeof XMLHttpRequest.prototype.open === 'function' &&","                    'browser';","            } catch (errorCaughtBrowser) {","                return module.exports &&","                    typeof process.versions.node === 'string' &&","                    typeof require('http').createServer === 'function' &&","                    'node';","            }","        }());","        // init global","        local.global = local.modeJs === 'browser'","            ? window","            : global;","        // init utility2_rollup","        local = local.global.utility2_rollup || local;","        // init lib","        local.local = local.npmtest_gcode = local;","        // init exports","        if (local.modeJs === 'browser') {","            local.global.utility2_npmtest_gcode = local;","        } else {","            module.exports = local;","            module.exports.__dirname = __dirname;","            module.exports.module = module;","        }","    }());","}());",""],"l":{"12":2,"14":2,"19":2,"21":2,"23":2,"24":2,"25":2,"30":1,"37":2,"41":2,"43":2,"45":2,"46":1,"48":1,"49":1,"50":1}},"/home/travis/build/npmtest/node-npmtest-gcode/example.js":{"path":"/home/travis/build/npmtest/node-npmtest-gcode/example.js","s":{"1":2,"2":2,"3":2,"4":2,"5":2,"6":2,"7":2,"8":1,"9":2,"10":2,"11":2,"12":2,"13":1,"14":2,"15":2,"16":2,"17":2,"18":2,"19":0,"20":2,"21":1,"22":1,"23":1,"24":1,"25":1,"26":0,"27":0,"28":1,"29":1,"30":2,"31":0,"32":0,"33":0,"34":1,"35":2,"36":2,"37":3,"38":3,"39":3,"40":3,"41":0,"42":3,"43":3,"44":3,"45":1,"46":3,"47":1,"48":1,"49":1,"50":1,"51":1,"52":1,"53":1,"54":1,"55":1,"56":1,"57":0,"58":1,"59":6,"60":6,"61":1,"62":2,"63":0,"64":2,"65":1,"66":1,"67":0,"68":0,"69":0,"70":0,"71":0,"72":0,"73":0,"74":0,"75":0,"76":0,"77":0,"78":0,"79":0,"80":0,"81":0,"82":0,"83":0},"b":{"1":[2,1,1,1],"2":[1,1,1,1],"3":[1,1],"4":[2,2],"5":[1,1],"6":[1,1],"7":[2,0],"8":[2,1,1,1,1,1],"9":[0,2,0],"10":[1,1],"11":[2,1,1],"12":[1,0],"13":[0,2],"14":[2,0,0,0,0,0,0],"15":[0,3],"16":[3,0],"17":[1,1],"18":[0,1],"19":[1,2,0,2],"20":[1,0],"21":[1,1],"22":[0,0],"23":[0,0],"24":[0,0],"25":[0,0],"26":[0,0],"27":[0,0],"28":[0,0]},"f":{"1":2,"2":2,"3":2,"4":2,"5":2,"6":2,"7":3,"8":3,"9":3,"10":1,"11":6,"12":0},"fnMap":{"1":{"name":"(anonymous_1)","line":26,"loc":{"start":{"line":26,"column":1},"end":{"line":26,"column":13}}},"2":{"name":"(anonymous_2)","line":33,"loc":{"start":{"line":33,"column":5},"end":{"line":33,"column":17}}},"3":{"name":"(anonymous_3)","line":37,"loc":{"start":{"line":37,"column":24},"end":{"line":37,"column":36}}},"4":{"name":"(anonymous_4)","line":69,"loc":{"start":{"line":69,"column":31},"end":{"line":69,"column":48}},"skip":true},"5":{"name":"(anonymous_5)","line":78,"loc":{"start":{"line":78,"column":26},"end":{"line":78,"column":45}},"skip":true},"6":{"name":"(anonymous_6)","line":123,"loc":{"start":{"line":123,"column":33},"end":{"line":123,"column":48}},"skip":true},"7":{"name":"(anonymous_7)","line":125,"loc":{"start":{"line":125,"column":27},"end":{"line":125,"column":39}},"skip":true},"8":{"name":"(anonymous_8)","line":133,"loc":{"start":{"line":133,"column":59},"end":{"line":133,"column":74}},"skip":true},"9":{"name":"(anonymous_9)","line":143,"loc":{"start":{"line":143,"column":45},"end":{"line":143,"column":62}},"skip":true},"10":{"name":"(anonymous_10)","line":144,"loc":{"start":{"line":144,"column":73},"end":{"line":144,"column":92}},"skip":true},"11":{"name":"(anonymous_11)","line":272,"loc":{"start":{"line":272,"column":51},"end":{"line":272,"column":77}},"skip":true},"12":{"name":"(anonymous_12)","line":315,"loc":{"start":{"line":315,"column":32},"end":{"line":315,"column":61}},"skip":true}},"statementMap":{"1":{"start":{"line":26,"column":0},"end":{"line":326,"column":5}},"2":{"start":{"line":28,"column":4},"end":{"line":28,"column":14}},"3":{"start":{"line":33,"column":4},"end":{"line":60,"column":9}},"4":{"start":{"line":35,"column":8},"end":{"line":35,"column":19}},"5":{"start":{"line":37,"column":8},"end":{"line":49,"column":13}},"6":{"start":{"line":38,"column":12},"end":{"line":48,"column":13}},"7":{"start":{"line":39,"column":16},"end":{"line":42,"column":30}},"8":{"start":{"line":44,"column":16},"end":{"line":47,"column":27}},"9":{"start":{"line":51,"column":8},"end":{"line":53,"column":21}},"10":{"start":{"line":55,"column":8},"end":{"line":57,"column":45}},"11":{"start":{"line":59,"column":8},"end":{"line":59,"column":35}},"12":{"start":{"line":61,"column":4},"end":{"line":325,"column":5}},"13":{"start":{"line":69,"column":8},"end":{"line":121,"column":10},"skip":true},"14":{"start":{"line":70,"column":12},"end":{"line":88,"column":13},"skip":true},"15":{"start":{"line":76,"column":16},"end":{"line":87,"column":19},"skip":true},"16":{"start":{"line":79,"column":20},"end":{"line":86,"column":21},"skip":true},"17":{"start":{"line":82,"column":24},"end":{"line":82,"column":43},"skip":true},"18":{"start":{"line":83,"column":24},"end":{"line":83,"column":30},"skip":true},"19":{"start":{"line":85,"column":24},"end":{"line":85,"column":49},"skip":true},"20":{"start":{"line":89,"column":12},"end":{"line":107,"column":13},"skip":true},"21":{"start":{"line":92,"column":16},"end":{"line":102,"column":17},"skip":true},"22":{"start":{"line":93,"column":20},"end":{"line":93,"column":86},"skip":true},"23":{"start":{"line":94,"column":20},"end":{"line":95,"column":45},"skip":true},"24":{"start":{"line":96,"column":20},"end":{"line":96,"column":42},"skip":true},"25":{"start":{"line":97,"column":20},"end":{"line":97,"column":48},"skip":true},"26":{"start":{"line":100,"column":20},"end":{"line":100,"column":85},"skip":true},"27":{"start":{"line":101,"column":20},"end":{"line":101,"column":96},"skip":true},"28":{"start":{"line":103,"column":16},"end":{"line":103,"column":22},"skip":true},"29":{"start":{"line":106,"column":16},"end":{"line":106,"column":22},"skip":true},"30":{"start":{"line":108,"column":12},"end":{"line":120,"column":13},"skip":true},"31":{"start":{"line":114,"column":16},"end":{"line":119,"column":17},"skip":true},"32":{"start":{"line":116,"column":20},"end":{"line":116,"column":78},"skip":true},"33":{"start":{"line":118,"column":20},"end":{"line":118,"column":47},"skip":true},"34":{"start":{"line":123,"column":8},"end":{"line":141,"column":11},"skip":true},"35":{"start":{"line":124,"column":12},"end":{"line":124,"column":54},"skip":true},"36":{"start":{"line":125,"column":12},"end":{"line":140,"column":14},"skip":true},"37":{"start":{"line":126,"column":16},"end":{"line":126,"column":28},"skip":true},"38":{"start":{"line":127,"column":16},"end":{"line":127,"column":69},"skip":true},"39":{"start":{"line":128,"column":16},"end":{"line":128,"column":75},"skip":true},"40":{"start":{"line":129,"column":16},"end":{"line":131,"column":17},"skip":true},"41":{"start":{"line":130,"column":20},"end":{"line":130,"column":27},"skip":true},"42":{"start":{"line":133,"column":16},"end":{"line":137,"column":36},"skip":true},"43":{"start":{"line":134,"column":20},"end":{"line":136,"column":55},"skip":true},"44":{"start":{"line":139,"column":16},"end":{"line":139,"column":57},"skip":true},"45":{"start":{"line":143,"column":8},"end":{"line":147,"column":11},"skip":true},"46":{"start":{"line":144,"column":12},"end":{"line":146,"column":15},"skip":true},"47":{"start":{"line":145,"column":16},"end":{"line":145,"column":70},"skip":true},"48":{"start":{"line":149,"column":8},"end":{"line":149,"column":31},"skip":true},"49":{"start":{"line":150,"column":8},"end":{"line":150,"column":14},"skip":true},"50":{"start":{"line":158,"column":8},"end":{"line":158,"column":31},"skip":true},"51":{"start":{"line":160,"column":8},"end":{"line":160,"column":33},"skip":true},"52":{"start":{"line":161,"column":8},"end":{"line":161,"column":37},"skip":true},"53":{"start":{"line":162,"column":8},"end":{"line":162,"column":35},"skip":true},"54":{"start":{"line":164,"column":8},"end":{"line":164,"column":50},"skip":true},"55":{"start":{"line":166,"column":8},"end":{"line":256,"column":2},"skip":true},"56":{"start":{"line":258,"column":8},"end":{"line":286,"column":9},"skip":true},"57":{"start":{"line":259,"column":12},"end":{"line":269,"column":14},"skip":true},"58":{"start":{"line":271,"column":12},"end":{"line":285,"column":19},"skip":true},"59":{"start":{"line":274,"column":20},"end":{"line":274,"column":35},"skip":true},"60":{"start":{"line":275,"column":20},"end":{"line":284,"column":21},"skip":true},"61":{"start":{"line":277,"column":24},"end":{"line":277,"column":64},"skip":true},"62":{"start":{"line":279,"column":24},"end":{"line":279,"column":40},"skip":true},"63":{"start":{"line":281,"column":24},"end":{"line":281,"column":40},"skip":true},"64":{"start":{"line":283,"column":24},"end":{"line":283,"column":39},"skip":true},"65":{"start":{"line":288,"column":8},"end":{"line":290,"column":9},"skip":true},"66":{"start":{"line":289,"column":12},"end":{"line":289,"column":18},"skip":true},"67":{"start":{"line":291,"column":8},"end":{"line":293,"column":54},"skip":true},"68":{"start":{"line":296,"column":8},"end":{"line":301,"column":37},"skip":true},"69":{"start":{"line":303,"column":8},"end":{"line":303,"column":82},"skip":true},"70":{"start":{"line":306,"column":8},"end":{"line":308,"column":9},"skip":true},"71":{"start":{"line":307,"column":12},"end":{"line":307,"column":82},"skip":true},"72":{"start":{"line":310,"column":8},"end":{"line":312,"column":9},"skip":true},"73":{"start":{"line":311,"column":12},"end":{"line":311,"column":18},"skip":true},"74":{"start":{"line":313,"column":8},"end":{"line":313,"column":54},"skip":true},"75":{"start":{"line":314,"column":8},"end":{"line":314,"column":69},"skip":true},"76":{"start":{"line":315,"column":8},"end":{"line":323,"column":36},"skip":true},"77":{"start":{"line":316,"column":12},"end":{"line":316,"column":61},"skip":true},"78":{"start":{"line":317,"column":12},"end":{"line":320,"column":13},"skip":true},"79":{"start":{"line":318,"column":16},"end":{"line":318,"column":75},"skip":true},"80":{"start":{"line":319,"column":16},"end":{"line":319,"column":23},"skip":true},"81":{"start":{"line":321,"column":12},"end":{"line":321,"column":38},"skip":true},"82":{"start":{"line":322,"column":12},"end":{"line":322,"column":27},"skip":true},"83":{"start":{"line":324,"column":8},"end":{"line":324,"column":14},"skip":true}},"branchMap":{"1":{"line":39,"type":"binary-expr","locations":[{"start":{"line":39,"column":23},"end":{"line":39,"column":62}},{"start":{"line":40,"column":20},"end":{"line":40,"column":70}},{"start":{"line":41,"column":20},"end":{"line":41,"column":71}},{"start":{"line":42,"column":20},"end":{"line":42,"column":29}}]},"2":{"line":44,"type":"binary-expr","locations":[{"start":{"line":44,"column":23},"end":{"line":44,"column":37}},{"start":{"line":45,"column":20},"end":{"line":45,"column":61}},{"start":{"line":46,"column":20},"end":{"line":46,"column":70}},{"start":{"line":47,"column":20},"end":{"line":47,"column":26}}]},"3":{"line":51,"type":"cond-expr","locations":[{"start":{"line":52,"column":14},"end":{"line":52,"column":20}},{"start":{"line":53,"column":14},"end":{"line":53,"column":20}}]},"4":{"line":55,"type":"binary-expr","locations":[{"start":{"line":55,"column":16},"end":{"line":55,"column":44}},{"start":{"line":55,"column":49},"end":{"line":57,"column":43}}]},"5":{"line":55,"type":"cond-expr","locations":[{"start":{"line":56,"column":14},"end":{"line":56,"column":49}},{"start":{"line":57,"column":14},"end":{"line":57,"column":43}}]},"6":{"line":61,"type":"switch","locations":[{"start":{"line":68,"column":4},"end":{"line":150,"column":14},"skip":true},{"start":{"line":156,"column":4},"end":{"line":324,"column":14},"skip":true}]},"7":{"line":70,"type":"if","locations":[{"start":{"line":70,"column":12},"end":{"line":70,"column":12},"skip":true},{"start":{"line":70,"column":12},"end":{"line":70,"column":12},"skip":true}]},"8":{"line":70,"type":"binary-expr","locations":[{"start":{"line":70,"column":16},"end":{"line":70,"column":22},"skip":true},{"start":{"line":70,"column":27},"end":{"line":70,"column":32},"skip":true},{"start":{"line":71,"column":20},"end":{"line":71,"column":39},"skip":true},{"start":{"line":72,"column":20},"end":{"line":72,"column":49},"skip":true},{"start":{"line":73,"column":20},"end":{"line":73,"column":58},"skip":true},{"start":{"line":74,"column":20},"end":{"line":74,"column":69},"skip":true}]},"9":{"line":79,"type":"switch","locations":[{"start":{"line":80,"column":20},"end":{"line":80,"column":33},"skip":true},{"start":{"line":81,"column":20},"end":{"line":83,"column":30},"skip":true},{"start":{"line":84,"column":20},"end":{"line":85,"column":49},"skip":true}]},"10":{"line":89,"type":"switch","locations":[{"start":{"line":90,"column":12},"end":{"line":103,"column":22},"skip":true},{"start":{"line":105,"column":12},"end":{"line":106,"column":22},"skip":true}]},"11":{"line":89,"type":"binary-expr","locations":[{"start":{"line":89,"column":20},"end":{"line":89,"column":25},"skip":true},{"start":{"line":89,"column":29},"end":{"line":89,"column":48},"skip":true},{"start":{"line":89,"column":52},"end":{"line":89,"column":74},"skip":true}]},"12":{"line":92,"type":"if","locations":[{"start":{"line":92,"column":16},"end":{"line":92,"column":16},"skip":true},{"start":{"line":92,"column":16},"end":{"line":92,"column":16},"skip":true}]},"13":{"line":108,"type":"if","locations":[{"start":{"line":108,"column":12},"end":{"line":108,"column":12},"skip":true},{"start":{"line":108,"column":12},"end":{"line":108,"column":12},"skip":true}]},"14":{"line":108,"type":"binary-expr","locations":[{"start":{"line":108,"column":16},"end":{"line":108,"column":61},"skip":true},{"start":{"line":108,"column":66},"end":{"line":108,"column":72},"skip":true},{"start":{"line":108,"column":77},"end":{"line":108,"column":82},"skip":true},{"start":{"line":109,"column":20},"end":{"line":109,"column":39},"skip":true},{"start":{"line":110,"column":20},"end":{"line":110,"column":49},"skip":true},{"start":{"line":111,"column":20},"end":{"line":111,"column":58},"skip":true},{"start":{"line":112,"column":20},"end":{"line":112,"column":68},"skip":true}]},"15":{"line":129,"type":"if","locations":[{"start":{"line":129,"column":16},"end":{"line":129,"column":16},"skip":true},{"start":{"line":129,"column":16},"end":{"line":129,"column":16},"skip":true}]},"16":{"line":134,"type":"cond-expr","locations":[{"start":{"line":135,"column":26},"end":{"line":135,"column":29},"skip":true},{"start":{"line":136,"column":26},"end":{"line":136,"column":54},"skip":true}]},"17":{"line":164,"type":"binary-expr","locations":[{"start":{"line":164,"column":27},"end":{"line":164,"column":43},"skip":true},{"start":{"line":164,"column":47},"end":{"line":164,"column":49},"skip":true}]},"18":{"line":258,"type":"if","locations":[{"start":{"line":258,"column":8},"end":{"line":258,"column":8},"skip":true},{"start":{"line":258,"column":8},"end":{"line":258,"column":8},"skip":true}]},"19":{"line":275,"type":"switch","locations":[{"start":{"line":276,"column":20},"end":{"line":277,"column":64},"skip":true},{"start":{"line":278,"column":20},"end":{"line":279,"column":40},"skip":true},{"start":{"line":280,"column":20},"end":{"line":281,"column":40},"skip":true},{"start":{"line":282,"column":20},"end":{"line":283,"column":39},"skip":true}]},"20":{"line":288,"type":"if","locations":[{"start":{"line":288,"column":8},"end":{"line":288,"column":8},"skip":true},{"start":{"line":288,"column":8},"end":{"line":288,"column":8},"skip":true}]},"21":{"line":288,"type":"binary-expr","locations":[{"start":{"line":288,"column":12},"end":{"line":288,"column":40},"skip":true},{"start":{"line":288,"column":44},"end":{"line":288,"column":67},"skip":true}]},"22":{"line":292,"type":"binary-expr","locations":[{"start":{"line":292,"column":12},"end":{"line":292,"column":50},"skip":true},{"start":{"line":293,"column":12},"end":{"line":293,"column":53},"skip":true}]},"23":{"line":297,"type":"binary-expr","locations":[{"start":{"line":297,"column":12},"end":{"line":297,"column":63},"skip":true},{"start":{"line":298,"column":12},"end":{"line":301,"column":36},"skip":true}]},"24":{"line":303,"type":"binary-expr","locations":[{"start":{"line":303,"column":43},"end":{"line":303,"column":75},"skip":true},{"start":{"line":303,"column":79},"end":{"line":303,"column":81},"skip":true}]},"25":{"line":306,"type":"if","locations":[{"start":{"line":306,"column":8},"end":{"line":306,"column":8},"skip":true},{"start":{"line":306,"column":8},"end":{"line":306,"column":8},"skip":true}]},"26":{"line":310,"type":"if","locations":[{"start":{"line":310,"column":8},"end":{"line":310,"column":8},"skip":true},{"start":{"line":310,"column":8},"end":{"line":310,"column":8},"skip":true}]},"27":{"line":313,"type":"binary-expr","locations":[{"start":{"line":313,"column":27},"end":{"line":313,"column":43},"skip":true},{"start":{"line":313,"column":47},"end":{"line":313,"column":53},"skip":true}]},"28":{"line":317,"type":"if","locations":[{"start":{"line":317,"column":12},"end":{"line":317,"column":12},"skip":true},{"start":{"line":317,"column":12},"end":{"line":317,"column":12},"skip":true}]}},"code":["/*","example.js","","quickstart example","","instruction","    1. save this script as example.js","    2. run the shell command:","        $ npm install npmtest-gcode && PORT=8081 node example.js","    3. play with the browser-demo on http://127.0.0.1:8081","*/","","","","/* istanbul instrument in package npmtest_gcode */","/*jslint","    bitwise: true,","    browser: true,","    maxerr: 8,","    maxlen: 96,","    node: true,","    nomen: true,","    regexp: true,","    stupid: true","*/","(function () {","    'use strict';","    var local;","","","","    // run shared js-env code - pre-init","    (function () {","        // init local","        local = {};","        // init modeJs","        local.modeJs = (function () {","            try {","                return typeof navigator.userAgent === 'string' &&","                    typeof document.querySelector('body') === 'object' &&","                    typeof XMLHttpRequest.prototype.open === 'function' &&","                    'browser';","            } catch (errorCaughtBrowser) {","                return module.exports &&","                    typeof process.versions.node === 'string' &&","                    typeof require('http').createServer === 'function' &&","                    'node';","            }","        }());","        // init global","        local.global = local.modeJs === 'browser'","            ? window","            : global;","        // init utility2_rollup","        local = local.global.utility2_rollup || (local.modeJs === 'browser'","            ? local.global.utility2_npmtest_gcode","            : global.utility2_moduleExports);","        // export local","        local.global.local = local;","    }());","    switch (local.modeJs) {","","","","    // post-init","    // run browser js-env code - post-init","    /* istanbul ignore next */","    case 'browser':","        local.testRunBrowser = function (event) {","            if (!event || (event &&","                    event.currentTarget &&","                    event.currentTarget.className &&","                    event.currentTarget.className.includes &&","                    event.currentTarget.className.includes('onreset'))) {","                // reset output","                Array.from(","                    document.querySelectorAll('body > .resettable')","                ).forEach(function (element) {","                    switch (element.tagName) {","                    case 'INPUT':","                    case 'TEXTAREA':","                        element.value = '';","                        break;","                    default:","                        element.textContent = '';","                    }","                });","            }","            switch (event && event.currentTarget && event.currentTarget.id) {","            case 'testRunButton1':","                // show tests","                if (document.querySelector('#testReportDiv1').style.display === 'none') {","                    document.querySelector('#testReportDiv1').style.display = 'block';","                    document.querySelector('#testRunButton1').textContent =","                        'hide internal test';","                    local.modeTest = true;","                    local.testRunDefault(local);","                // hide tests","                } else {","                    document.querySelector('#testReportDiv1').style.display = 'none';","                    document.querySelector('#testRunButton1').textContent = 'run internal test';","                }","                break;","            // custom-case","            default:","                break;","            }","            if (document.querySelector('#inputTextareaEval1') && (!event || (event &&","                    event.currentTarget &&","                    event.currentTarget.className &&","                    event.currentTarget.className.includes &&","                    event.currentTarget.className.includes('oneval')))) {","                // try to eval input-code","                try {","                    /*jslint evil: true*/","                    eval(document.querySelector('#inputTextareaEval1').value);","                } catch (errorCaught) {","                    console.error(errorCaught);","                }","            }","        };","        // log stderr and stdout to #outputTextareaStdout1","        ['error', 'log'].forEach(function (key) {","            console[key + '_original'] = console[key];","            console[key] = function () {","                var element;","                console[key + '_original'].apply(console, arguments);","                element = document.querySelector('#outputTextareaStdout1');","                if (!element) {","                    return;","                }","                // append text to #outputTextareaStdout1","                element.value += Array.from(arguments).map(function (arg) {","                    return typeof arg === 'string'","                        ? arg","                        : JSON.stringify(arg, null, 4);","                }).join(' ') + '\\n';","                // scroll textarea to bottom","                element.scrollTop = element.scrollHeight;","            };","        });","        // init event-handling","        ['change', 'click', 'keyup'].forEach(function (event) {","            Array.from(document.querySelectorAll('.on' + event)).forEach(function (element) {","                element.addEventListener(event, local.testRunBrowser);","            });","        });","        // run tests","        local.testRunBrowser();","        break;","","","","    // run node js-env code - post-init","    /* istanbul ignore next */","    case 'node':","        // export local","        module.exports = local;","        // require modules","        local.fs = require('fs');","        local.http = require('http');","        local.url = require('url');","        // init assets","        local.assetsDict = local.assetsDict || {};","        /* jslint-ignore-begin */","        local.assetsDict['/assets.index.template.html'] = '\\","<!doctype html>\\n\\","<html lang=\"en\">\\n\\","<head>\\n\\","<meta charset=\"UTF-8\">\\n\\","<meta name=\"viewport\" content=\"width=device-width, initial-scale=1\">\\n\\","<title>{{env.npm_package_name}} (v{{env.npm_package_version}})</title>\\n\\","<style>\\n\\","/*csslint\\n\\","    box-sizing: false,\\n\\","    universal-selector: false\\n\\","*/\\n\\","* {\\n\\","    box-sizing: border-box;\\n\\","}\\n\\","body {\\n\\","    background: #dde;\\n\\","    font-family: Arial, Helvetica, sans-serif;\\n\\","    margin: 2rem;\\n\\","}\\n\\","body > * {\\n\\","    margin-bottom: 1rem;\\n\\","}\\n\\",".utility2FooterDiv {\\n\\","    margin-top: 20px;\\n\\","    text-align: center;\\n\\","}\\n\\","</style>\\n\\","<style>\\n\\","/*csslint\\n\\","*/\\n\\","textarea {\\n\\","    font-family: monospace;\\n\\","    height: 10rem;\\n\\","    width: 100%;\\n\\","}\\n\\","textarea[readonly] {\\n\\","    background: #ddd;\\n\\","}\\n\\","</style>\\n\\","</head>\\n\\","<body>\\n\\","<!-- utility2-comment\\n\\","<div id=\"ajaxProgressDiv1\" style=\"background: #d00; height: 2px; left: 0; margin: 0; padding: 0; position: fixed; top: 0; transition: background 0.5s, width 1.5s; width: 25%;\"></div>\\n\\","utility2-comment -->\\n\\","<h1>\\n\\","<!-- utility2-comment\\n\\","    <a\\n\\","        {{#if env.npm_package_homepage}}\\n\\","        href=\"{{env.npm_package_homepage}}\"\\n\\","        {{/if env.npm_package_homepage}}\\n\\","        target=\"_blank\"\\n\\","    >\\n\\","utility2-comment -->\\n\\","        {{env.npm_package_name}} (v{{env.npm_package_version}})\\n\\","<!-- utility2-comment\\n\\","    </a>\\n\\","utility2-comment -->\\n\\","</h1>\\n\\","<h3>{{env.npm_package_description}}</h3>\\n\\","<!-- utility2-comment\\n\\","<h4><a download href=\"assets.app.js\">download standalone app</a></h4>\\n\\","<button class=\"onclick onreset\" id=\"testRunButton1\">run internal test</button><br>\\n\\","<div id=\"testReportDiv1\" style=\"display: none;\"></div>\\n\\","utility2-comment -->\\n\\","\\n\\","\\n\\","\\n\\","<label>stderr and stdout</label>\\n\\","<textarea class=\"resettable\" id=\"outputTextareaStdout1\" readonly></textarea>\\n\\","<!-- utility2-comment\\n\\","{{#if isRollup}}\\n\\","<script src=\"assets.app.js\"></script>\\n\\","{{#unless isRollup}}\\n\\","utility2-comment -->\\n\\","<script src=\"assets.utility2.rollup.js\"></script>\\n\\","<script src=\"jsonp.utility2._stateInit?callback=window.utility2._stateInit\"></script>\\n\\","<script src=\"assets.npmtest_gcode.rollup.js\"></script>\\n\\","<script src=\"assets.example.js\"></script>\\n\\","<script src=\"assets.test.js\"></script>\\n\\","<!-- utility2-comment\\n\\","{{/if isRollup}}\\n\\","utility2-comment -->\\n\\","<div class=\"utility2FooterDiv\">\\n\\","    [ this app was created with\\n\\","    <a href=\"https://github.com/kaizhu256/node-utility2\" target=\"_blank\">utility2</a>\\n\\","    ]\\n\\","</div>\\n\\","</body>\\n\\","</html>\\n\\","';","        /* jslint-ignore-end */","        if (local.templateRender) {","            local.assetsDict['/'] = local.templateRender(","                local.assetsDict['/assets.index.template.html'],","                {","                    env: local.objectSetDefault(local.env, {","                        npm_package_description: 'the greatest app in the world!',","                        npm_package_name: 'my-app',","                        npm_package_nameAlias: 'my_app',","                        npm_package_version: '0.0.1'","                    })","                }","            );","        } else {","            local.assetsDict['/'] = local.assetsDict['/assets.index.template.html']","                .replace((/\\{\\{env\\.(\\w+?)\\}\\}/g), function (match0, match1) {","                    // jslint-hack","                    String(match0);","                    switch (match1) {","                    case 'npm_package_description':","                        return 'the greatest app in the world!';","                    case 'npm_package_name':","                        return 'my-app';","                    case 'npm_package_nameAlias':","                        return 'my_app';","                    case 'npm_package_version':","                        return '0.0.1';","                    }","                });","        }","        // run the cli","        if (local.global.utility2_rollup || module !== require.main) {","            break;","        }","        local.assetsDict['/assets.example.js'] =","            local.assetsDict['/assets.example.js'] ||","            local.fs.readFileSync(__filename, 'utf8');","        // bug-workaround - long $npm_package_buildCustomOrg","        /* jslint-ignore-begin */","        local.assetsDict['/assets.npmtest_gcode.rollup.js'] =","            local.assetsDict['/assets.npmtest_gcode.rollup.js'] ||","            local.fs.readFileSync(","                local.npmtest_gcode.__dirname + '/lib.npmtest_gcode.js',","                'utf8'","            ).replace((/^#!/), '//');","        /* jslint-ignore-end */","        local.assetsDict['/favicon.ico'] = local.assetsDict['/favicon.ico'] || '';","        // if $npm_config_timeout_exit exists,","        // then exit this process after $npm_config_timeout_exit ms","        if (Number(process.env.npm_config_timeout_exit)) {","            setTimeout(process.exit, Number(process.env.npm_config_timeout_exit));","        }","        // start server","        if (local.global.utility2_serverHttp1) {","            break;","        }","        process.env.PORT = process.env.PORT || '8081';","        console.error('server starting on port ' + process.env.PORT);","        local.http.createServer(function (request, response) {","            request.urlParsed = local.url.parse(request.url);","            if (local.assetsDict[request.urlParsed.pathname] !== undefined) {","                response.end(local.assetsDict[request.urlParsed.pathname]);","                return;","            }","            response.statusCode = 404;","            response.end();","        }).listen(process.env.PORT);","        break;","    }","}());",""],"l":{"26":2,"28":2,"33":2,"35":2,"37":2,"38":2,"39":2,"44":1,"51":2,"55":2,"59":2,"61":2,"69":1,"70":2,"76":2,"79":2,"82":2,"83":2,"85":1,"89":2,"92":1,"93":1,"94":1,"96":1,"97":1,"100":1,"101":1,"103":1,"106":1,"108":2,"114":1,"116":1,"118":1,"123":1,"124":2,"125":2,"126":3,"127":3,"128":3,"129":3,"130":1,"133":3,"134":3,"139":3,"143":1,"144":3,"145":1,"149":1,"150":1,"158":1,"160":1,"161":1,"162":1,"164":1,"166":1,"258":1,"259":1,"271":1,"274":6,"275":6,"277":1,"279":2,"281":1,"283":2,"288":1,"289":1,"291":1,"296":1,"303":1,"306":1,"307":1,"310":1,"311":1,"313":1,"314":1,"315":1,"316":1,"317":1,"318":1,"319":1,"321":1,"322":1,"324":1}},"/home/travis/build/npmtest/node-npmtest-gcode/node_modules/gcode/index.js":{"path":"/home/travis/build/npmtest/node-npmtest-gcode/node_modules/gcode/index.js","s":{"1":1,"2":1},"b":{},"f":{},"fnMap":{},"statementMap":{"1":{"start":{"line":1,"column":0},"end":{"line":1,"column":26}},"2":{"start":{"line":3,"column":0},"end":{"line":8,"column":1}}},"branchMap":{},"code":["gcode = require('./gcode')","","module.exports = {","    'parseFile' : gcode.parseFile,","    'parseString' : gcode.parseString,","    'parseStream' : gcode.parseStream,","    'Interpreter' : gcode.Interpreter","}",""],"l":{"1":1,"3":1}},"/home/travis/build/npmtest/node-npmtest-gcode/node_modules/gcode/gcode.js":{"path":"/home/travis/build/npmtest/node-npmtest-gcode/node_modules/gcode/gcode.js","s":{"1":1,"2":1,"3":1,"4":1,"5":1,"6":1,"7":0,"8":0,"9":1,"10":1,"11":0,"12":0,"13":0,"14":0,"15":0,"16":0,"17":0,"18":0,"19":0,"20":0,"21":0,"22":0,"23":0,"24":0,"25":0,"26":0,"27":0,"28":0,"29":0,"30":0,"31":0,"32":0,"33":0,"34":0,"35":1,"36":0,"37":0,"38":0,"39":0,"40":1,"41":1,"42":0,"43":0,"44":0,"45":0,"46":1,"47":1,"48":0,"49":0,"50":0,"51":0,"52":1,"53":0,"54":1,"55":0,"56":0,"57":0,"58":0,"59":0,"60":0,"61":0,"62":0,"63":0,"64":0,"65":0,"66":0,"67":0,"68":0,"69":0,"70":0,"71":1,"72":0,"73":0,"74":0,"75":0,"76":1,"77":0,"78":1,"79":0,"80":0,"81":0,"82":0,"83":0,"84":1,"85":0,"86":0,"87":0,"88":0,"89":1,"90":0,"91":1,"92":0,"93":0,"94":0,"95":0,"96":0,"97":1,"98":1,"99":1,"100":1},"b":{"1":[0,0,0,0,0],"2":[0,0],"3":[0,0],"4":[0,0],"5":[0,0],"6":[0,0],"7":[0,0],"8":[0,0],"9":[0,0],"10":[0,0,0],"11":[0,0,0],"12":[0,0],"13":[0,0],"14":[0,0]},"f":{"1":0,"2":0,"3":0,"4":0,"5":0,"6":0,"7":0,"8":0,"9":0,"10":0,"11":0,"12":0,"13":0,"14":0,"15":0,"16":0,"17":0,"18":0,"19":0,"20":0,"21":0,"22":0},"fnMap":{"1":{"name":"GCodeScrubber","line":8,"loc":{"start":{"line":8,"column":0},"end":{"line":8,"column":25}}},"2":{"name":"(anonymous_2)","line":14,"loc":{"start":{"line":14,"column":37},"end":{"line":14,"column":60}}},"3":{"name":"GCodeParser","line":56,"loc":{"start":{"line":56,"column":0},"end":{"line":56,"column":30}}},"4":{"name":"(anonymous_4)","line":63,"loc":{"start":{"line":63,"column":35},"end":{"line":63,"column":69}}},"5":{"name":"(anonymous_5)","line":71,"loc":{"start":{"line":71,"column":18},"end":{"line":71,"column":36}}},"6":{"name":"(anonymous_6)","line":73,"loc":{"start":{"line":73,"column":30},"end":{"line":73,"column":50}}},"7":{"name":"(anonymous_7)","line":82,"loc":{"start":{"line":82,"column":26},"end":{"line":82,"column":46}}},"8":{"name":"(anonymous_8)","line":86,"loc":{"start":{"line":86,"column":37},"end":{"line":86,"column":52}}},"9":{"name":"(anonymous_9)","line":88,"loc":{"start":{"line":88,"column":20},"end":{"line":88,"column":35}}},"10":{"name":"(anonymous_10)","line":101,"loc":{"start":{"line":101,"column":20},"end":{"line":101,"column":35}}},"11":{"name":"(anonymous_11)","line":116,"loc":{"start":{"line":116,"column":40},"end":{"line":116,"column":63}}},"12":{"name":"(anonymous_12)","line":120,"loc":{"start":{"line":120,"column":13},"end":{"line":120,"column":28}}},"13":{"name":"(anonymous_13)","line":123,"loc":{"start":{"line":123,"column":15},"end":{"line":123,"column":26}}},"14":{"name":"(anonymous_14)","line":130,"loc":{"start":{"line":130,"column":38},"end":{"line":130,"column":63}}},"15":{"name":"(anonymous_15)","line":134,"loc":{"start":{"line":134,"column":40},"end":{"line":134,"column":62}}},"16":{"name":"noop","line":136,"loc":{"start":{"line":136,"column":12},"end":{"line":136,"column":28}}},"17":{"name":"(anonymous_17)","line":142,"loc":{"start":{"line":142,"column":18},"end":{"line":142,"column":41}}},"18":{"name":"(anonymous_18)","line":147,"loc":{"start":{"line":147,"column":13},"end":{"line":147,"column":28}}},"19":{"name":"(anonymous_19)","line":150,"loc":{"start":{"line":150,"column":12},"end":{"line":150,"column":23}}},"20":{"name":"(anonymous_20)","line":155,"loc":{"start":{"line":155,"column":16},"end":{"line":155,"column":41}}},"21":{"name":"(anonymous_21)","line":159,"loc":{"start":{"line":159,"column":18},"end":{"line":159,"column":40}}},"22":{"name":"noop","line":161,"loc":{"start":{"line":161,"column":12},"end":{"line":161,"column":28}}}},"statementMap":{"1":{"start":{"line":1,"column":0},"end":{"line":1,"column":31}},"2":{"start":{"line":2,"column":0},"end":{"line":2,"column":27}},"3":{"start":{"line":3,"column":0},"end":{"line":3,"column":33}},"4":{"start":{"line":4,"column":0},"end":{"line":4,"column":23}},"5":{"start":{"line":5,"column":0},"end":{"line":5,"column":31}},"6":{"start":{"line":8,"column":0},"end":{"line":11,"column":1}},"7":{"start":{"line":9,"column":1},"end":{"line":9,"column":25}},"8":{"start":{"line":10,"column":1},"end":{"line":10,"column":29}},"9":{"start":{"line":12,"column":0},"end":{"line":12,"column":47}},"10":{"start":{"line":14,"column":0},"end":{"line":54,"column":1}},"11":{"start":{"line":15,"column":1},"end":{"line":53,"column":2}},"12":{"start":{"line":16,"column":2},"end":{"line":46,"column":3}},"13":{"start":{"line":17,"column":3},"end":{"line":17,"column":37}},"14":{"start":{"line":18,"column":3},"end":{"line":18,"column":26}},"15":{"start":{"line":19,"column":3},"end":{"line":42,"column":4}},"16":{"start":{"line":22,"column":5},"end":{"line":22,"column":25}},"17":{"start":{"line":23,"column":5},"end":{"line":23,"column":11}},"18":{"start":{"line":25,"column":5},"end":{"line":30,"column":6}},"19":{"start":{"line":28,"column":6},"end":{"line":28,"column":29}},"20":{"start":{"line":29,"column":6},"end":{"line":29,"column":24}},"21":{"start":{"line":31,"column":5},"end":{"line":31,"column":11}},"22":{"start":{"line":33,"column":5},"end":{"line":38,"column":6}},"23":{"start":{"line":34,"column":6},"end":{"line":34,"column":30}},"24":{"start":{"line":35,"column":6},"end":{"line":35,"column":24}},"25":{"start":{"line":40,"column":5},"end":{"line":40,"column":48}},"26":{"start":{"line":40,"column":27},"end":{"line":40,"column":47}},"27":{"start":{"line":41,"column":5},"end":{"line":41,"column":11}},"28":{"start":{"line":43,"column":3},"end":{"line":45,"column":4}},"29":{"start":{"line":44,"column":4},"end":{"line":44,"column":20}},"30":{"start":{"line":47,"column":2},"end":{"line":47,"column":31}},"31":{"start":{"line":48,"column":2},"end":{"line":48,"column":20}},"32":{"start":{"line":49,"column":2},"end":{"line":49,"column":9}},"33":{"start":{"line":51,"column":2},"end":{"line":51,"column":17}},"34":{"start":{"line":52,"column":2},"end":{"line":52,"column":9}},"35":{"start":{"line":56,"column":0},"end":{"line":60,"column":1}},"36":{"start":{"line":57,"column":1},"end":{"line":57,"column":28}},"37":{"start":{"line":57,"column":15},"end":{"line":57,"column":28}},"38":{"start":{"line":58,"column":1},"end":{"line":58,"column":27}},"39":{"start":{"line":59,"column":1},"end":{"line":59,"column":38}},"40":{"start":{"line":61,"column":0},"end":{"line":61,"column":45}},"41":{"start":{"line":63,"column":0},"end":{"line":69,"column":2}},"42":{"start":{"line":64,"column":1},"end":{"line":66,"column":2}},"43":{"start":{"line":65,"column":2},"end":{"line":65,"column":34}},"44":{"start":{"line":67,"column":1},"end":{"line":67,"column":33}},"45":{"start":{"line":68,"column":1},"end":{"line":68,"column":8}},"46":{"start":{"line":71,"column":0},"end":{"line":71,"column":38}},"47":{"start":{"line":73,"column":0},"end":{"line":80,"column":1}},"48":{"start":{"line":74,"column":1},"end":{"line":79,"column":2}},"49":{"start":{"line":75,"column":2},"end":{"line":75,"column":27}},"50":{"start":{"line":76,"column":2},"end":{"line":76,"column":17}},"51":{"start":{"line":78,"column":2},"end":{"line":78,"column":27}},"52":{"start":{"line":82,"column":0},"end":{"line":84,"column":1}},"53":{"start":{"line":83,"column":1},"end":{"line":83,"column":8}},"54":{"start":{"line":86,"column":0},"end":{"line":114,"column":1}},"55":{"start":{"line":87,"column":1},"end":{"line":87,"column":15}},"56":{"start":{"line":88,"column":1},"end":{"line":99,"column":15}},"57":{"start":{"line":89,"column":2},"end":{"line":89,"column":23}},"58":{"start":{"line":90,"column":2},"end":{"line":90,"column":20}},"59":{"start":{"line":91,"column":2},"end":{"line":98,"column":3}},"60":{"start":{"line":94,"column":3},"end":{"line":94,"column":9}},"61":{"start":{"line":96,"column":4},"end":{"line":96,"column":24}},"62":{"start":{"line":97,"column":4},"end":{"line":97,"column":10}},"63":{"start":{"line":101,"column":1},"end":{"line":113,"column":15}},"64":{"start":{"line":102,"column":2},"end":{"line":102,"column":23}},"65":{"start":{"line":103,"column":2},"end":{"line":103,"column":20}},"66":{"start":{"line":104,"column":2},"end":{"line":112,"column":3}},"67":{"start":{"line":107,"column":4},"end":{"line":107,"column":50}},"68":{"start":{"line":108,"column":4},"end":{"line":108,"column":27}},"69":{"start":{"line":109,"column":3},"end":{"line":109,"column":9}},"70":{"start":{"line":111,"column":3},"end":{"line":111,"column":9}},"71":{"start":{"line":116,"column":0},"end":{"line":128,"column":1}},"72":{"start":{"line":117,"column":1},"end":{"line":127,"column":18}},"73":{"start":{"line":121,"column":2},"end":{"line":121,"column":26}},"74":{"start":{"line":124,"column":2},"end":{"line":126,"column":9}},"75":{"start":{"line":125,"column":12},"end":{"line":125,"column":38}},"76":{"start":{"line":130,"column":0},"end":{"line":132,"column":1}},"77":{"start":{"line":131,"column":1},"end":{"line":131,"column":59}},"78":{"start":{"line":134,"column":0},"end":{"line":140,"column":1}},"79":{"start":{"line":135,"column":1},"end":{"line":135,"column":32}},"80":{"start":{"line":136,"column":1},"end":{"line":136,"column":31}},"81":{"start":{"line":137,"column":1},"end":{"line":137,"column":12}},"82":{"start":{"line":138,"column":1},"end":{"line":138,"column":15}},"83":{"start":{"line":139,"column":1},"end":{"line":139,"column":43}},"84":{"start":{"line":142,"column":0},"end":{"line":153,"column":1}},"85":{"start":{"line":143,"column":1},"end":{"line":143,"column":18}},"86":{"start":{"line":144,"column":1},"end":{"line":152,"column":4}},"87":{"start":{"line":148,"column":2},"end":{"line":148,"column":21}},"88":{"start":{"line":151,"column":2},"end":{"line":151,"column":60}},"89":{"start":{"line":155,"column":0},"end":{"line":157,"column":1}},"90":{"start":{"line":156,"column":1},"end":{"line":156,"column":56}},"91":{"start":{"line":159,"column":0},"end":{"line":165,"column":1}},"92":{"start":{"line":160,"column":1},"end":{"line":160,"column":32}},"93":{"start":{"line":161,"column":1},"end":{"line":161,"column":31}},"94":{"start":{"line":162,"column":1},"end":{"line":162,"column":12}},"95":{"start":{"line":163,"column":1},"end":{"line":163,"column":15}},"96":{"start":{"line":164,"column":1},"end":{"line":164,"column":33}},"97":{"start":{"line":167,"column":0},"end":{"line":167,"column":41}},"98":{"start":{"line":168,"column":0},"end":{"line":168,"column":41}},"99":{"start":{"line":169,"column":0},"end":{"line":169,"column":37}},"100":{"start":{"line":170,"column":0},"end":{"line":170,"column":41}}},"branchMap":{"1":{"line":19,"type":"switch","locations":[{"start":{"line":20,"column":4},"end":{"line":20,"column":13}},{"start":{"line":21,"column":4},"end":{"line":23,"column":11}},{"start":{"line":24,"column":4},"end":{"line":31,"column":11}},{"start":{"line":32,"column":4},"end":{"line":38,"column":6}},{"start":{"line":39,"column":4},"end":{"line":41,"column":11}}]},"2":{"line":25,"type":"if","locations":[{"start":{"line":25,"column":5},"end":{"line":25,"column":5}},{"start":{"line":25,"column":5},"end":{"line":25,"column":5}}]},"3":{"line":33,"type":"if","locations":[{"start":{"line":33,"column":5},"end":{"line":33,"column":5}},{"start":{"line":33,"column":5},"end":{"line":33,"column":5}}]},"4":{"line":40,"type":"if","locations":[{"start":{"line":40,"column":5},"end":{"line":40,"column":5}},{"start":{"line":40,"column":5},"end":{"line":40,"column":5}}]},"5":{"line":43,"type":"if","locations":[{"start":{"line":43,"column":3},"end":{"line":43,"column":3}},{"start":{"line":43,"column":3},"end":{"line":43,"column":3}}]},"6":{"line":57,"type":"if","locations":[{"start":{"line":57,"column":1},"end":{"line":57,"column":1}},{"start":{"line":57,"column":1},"end":{"line":57,"column":1}}]},"7":{"line":64,"type":"if","locations":[{"start":{"line":64,"column":1},"end":{"line":64,"column":1}},{"start":{"line":64,"column":1},"end":{"line":64,"column":1}}]},"8":{"line":74,"type":"if","locations":[{"start":{"line":74,"column":1},"end":{"line":74,"column":1}},{"start":{"line":74,"column":1},"end":{"line":74,"column":1}}]},"9":{"line":74,"type":"binary-expr","locations":[{"start":{"line":74,"column":5},"end":{"line":74,"column":16}},{"start":{"line":74,"column":22},"end":{"line":74,"column":52}}]},"10":{"line":91,"type":"switch","locations":[{"start":{"line":92,"column":3},"end":{"line":92,"column":12}},{"start":{"line":93,"column":3},"end":{"line":94,"column":9}},{"start":{"line":95,"column":3},"end":{"line":97,"column":10}}]},"11":{"line":104,"type":"switch","locations":[{"start":{"line":105,"column":3},"end":{"line":105,"column":12}},{"start":{"line":106,"column":3},"end":{"line":109,"column":9}},{"start":{"line":110,"column":3},"end":{"line":111,"column":9}}]},"12":{"line":124,"type":"if","locations":[{"start":{"line":124,"column":2},"end":{"line":124,"column":2}},{"start":{"line":124,"column":2},"end":{"line":124,"column":2}}]},"13":{"line":124,"type":"binary-expr","locations":[{"start":{"line":124,"column":5},"end":{"line":124,"column":13}},{"start":{"line":124,"column":17},"end":{"line":124,"column":47}}]},"14":{"line":151,"type":"binary-expr","locations":[{"start":{"line":151,"column":2},"end":{"line":151,"column":32}},{"start":{"line":151,"column":36},"end":{"line":151,"column":59}}]}},"code":["var stream = require('stream');","var util = require('util');","var parser = require('./parser');","var fs = require('fs');","var byline = require('byline');","","// Strips spaces out of all incoming g-code except for comments","function GCodeScrubber() {","\tthis.in_comment = false;","\tstream.Transform.call(this);","}","util.inherits(GCodeScrubber, stream.Transform);","","GCodeScrubber.prototype._transform = function(s, enc, done) {","\ttry {","\t\tfor(var result = [], i=0, j=0; i<s.length; i++) {","\t\t\tvar c = String.fromCharCode(s[i]);","\t\t\tvar keep_result = true;","\t\t\tswitch(c) {","\t\t\t\tcase ' ':","\t\t\t\tcase '\\t':","\t\t\t\t\tkeep_result = false;","\t\t\t\t\tbreak;","\t\t\t\tcase '(':","\t\t\t\t\tif(this.in_comment) {","\t\t\t\t\t\t// ERROR","\t\t\t\t\t} else {","\t\t\t\t\t\tthis.in_comment = true;","\t\t\t\t\t\tkeep_result=false;","\t\t\t\t\t}","\t\t\t\t\tbreak;","\t\t\t\tcase ')':","\t\t\t\t\tif(this.in_comment) {","\t\t\t\t\t\tthis.in_comment = false;","\t\t\t\t\t\tkeep_result=false;","\t\t\t\t\t} else {","\t\t\t\t\t\t// ERROR","\t\t\t\t\t}","\t\t\t\tdefault:","\t\t\t\t\tif(this.in_comment) { keep_result = false;}","\t\t\t\t\tbreak;","\t\t\t}","\t\t\tif(keep_result) {","\t\t\t\tresult[j++] = c;","\t\t\t}","\t\t}","\t\tvar output = result.join('');","\t\tthis.push(output);","\t\tdone();","\t} catch(e) {","\t\tconsole.log(e);","\t\tdone();","\t}","}","","function GCodeParser(options) {","\tif (!options) options = {};","\toptions.objectMode = true;","\tstream.Transform.call(this, options);","}","util.inherits(GCodeParser, stream.Transform);","","GCodeParser.prototype._transform = function (object, encoding, done) {","\tif(encoding === 'buffer') {","\t\tobject = object.toString('utf8')","\t}","\tthis.push(parser.parse(object));","\tdone();","};","","var Interpreter = function(options) {}","","Interpreter.prototype._exec = function(cmd, args) {","\tif((cmd in this) && (typeof this[cmd] == 'function')) {","\t\tf = this[cmd].bind(this);","\t\treturn f(args);","\t} else {","\t\treturn this._(cmd, args);","\t}","}","","Interpreter.prototype._ = function(cmd, args) {","\treturn;","}","","Interpreter.prototype._handle_line = function(line) {","\tvar words = {}","\tline.words.forEach(function(word) {","\t\tvar letter = word[0];","\t\tvar arg = word[1];","\t\tswitch(letter) {","\t\t\tcase 'G':","\t\t\tcase 'M':","\t\t\tbreak;","\t\t\tdefault:","\t\t\t\twords[letter] = arg;","\t\t\t\tbreak;","\t\t}","\t}.bind(this));","","\tline.words.forEach(function(word) {","\t\tvar letter = word[0];","\t\tvar arg = word[1];","\t\tswitch(letter) {","\t\t\tcase 'G':","\t\t\tcase 'M':","\t\t\t\tfunc = (letter + arg).replace('.','_').trim();","\t\t\t\tthis._exec(func, words)","\t\t\tbreak;","\t\t\tdefault:","\t\t\tbreak;","\t\t}","\t}.bind(this));","}","","Interpreter.prototype.interpretStream = function(st, callback) {","\tst.pipe(new GCodeScrubber())","\t.pipe(byline())","\t.pipe(new GCodeParser())","\t.on('data', function(line) {","\t\tthis._handle_line(line);","\t}.bind(this))","    .on('end', function() {","\t\tif(callback && typeof callback === 'function') {","            callback.bind(this)(null);","        }","    }.bind(this));","}","","Interpreter.prototype.interpretFile = function(file, callback) {","\tthis.interpretStream(fs.createReadStream(file), callback);","}","","Interpreter.prototype.interpretString = function(s, callback) {","\tvar st = new stream.Readable();","\tst._read = function noop() {}; // redundant? see update below","\tst.push(s);","\tst.push(null);","\treturn this.interpretStream(st, callback);","}","","var parseStream = function(st, callback) {","\tvar results = [];","\tst.pipe(new GCodeScrubber())","\t.pipe(byline())","\t.pipe(new GCodeParser())","\t.on('data', function(line) {","\t\tresults.push(line);","\t})","\t.on('end', function() {","\t\ttypeof callback === 'function' && callback(null, results);","\t});","}","","var parseFile = function(file, callback) {","\treturn parseStream(fs.createReadStream(file), callback)","}","","var parseString = function(s, callback) {","\tvar st = new stream.Readable();","\tst._read = function noop() {}; // redundant? see update below","\tst.push(s);","\tst.push(null);","\treturn parseStream(st, callback)","}","","module.exports.parseStream = parseStream;","module.exports.parseString = parseString;","module.exports.parseFile = parseFile;","module.exports.Interpreter = Interpreter;",""],"l":{"1":1,"2":1,"3":1,"4":1,"5":1,"8":1,"9":0,"10":0,"12":1,"14":1,"15":0,"16":0,"17":0,"18":0,"19":0,"22":0,"23":0,"25":0,"28":0,"29":0,"31":0,"33":0,"34":0,"35":0,"40":0,"41":0,"43":0,"44":0,"47":0,"48":0,"49":0,"51":0,"52":0,"56":1,"57":0,"58":0,"59":0,"61":1,"63":1,"64":0,"65":0,"67":0,"68":0,"71":1,"73":1,"74":0,"75":0,"76":0,"78":0,"82":1,"83":0,"86":1,"87":0,"88":0,"89":0,"90":0,"91":0,"94":0,"96":0,"97":0,"101":0,"102":0,"103":0,"104":0,"107":0,"108":0,"109":0,"111":0,"116":1,"117":0,"121":0,"124":0,"125":0,"130":1,"131":0,"134":1,"135":0,"136":0,"137":0,"138":0,"139":0,"142":1,"143":0,"144":0,"148":0,"151":0,"155":1,"156":0,"159":1,"160":0,"161":0,"162":0,"163":0,"164":0,"167":1,"168":1,"169":1,"170":1}},"/home/travis/build/npmtest/node-npmtest-gcode/node_modules/gcode/parser.js":{"path":"/home/travis/build/npmtest/node-npmtest-gcode/node_modules/gcode/parser.js","s":{"1":1,"2":1,"3":1,"4":1,"5":1,"6":1,"7":1,"8":0,"9":0,"10":0,"11":0,"12":0,"13":0,"14":0,"15":1,"16":1,"17":0,"18":0,"19":0,"20":0,"21":0,"22":0,"23":0,"24":0,"25":0,"26":0,"27":0,"28":0,"29":0,"30":0,"31":0,"32":1,"33":0,"34":1,"35":0,"36":1,"37":0,"38":1,"39":0,"40":1,"41":0,"42":1,"43":0,"44":1,"45":1,"46":0,"47":0,"48":0,"49":0,"50":0,"51":0,"52":0,"53":0,"54":0,"55":0,"56":0,"57":0,"58":0,"59":0,"60":0,"61":0,"62":0,"63":0,"64":0,"65":0,"66":0,"67":1,"68":0,"69":0,"70":0,"71":0,"72":0,"73":0,"74":1,"75":1,"76":0,"77":0,"78":0,"79":0,"80":0,"81":0,"82":0,"83":0,"84":0,"85":0,"86":0,"87":1,"88":1,"89":1,"90":0,"91":0,"92":0,"93":0,"94":0,"95":0,"96":0,"97":0,"98":0,"99":0,"100":0,"101":0,"102":0,"103":0,"104":0,"105":0,"106":1,"107":0,"108":0,"109":0,"110":1,"111":0,"112":0,"113":0,"114":0,"115":0,"116":0,"117":0,"118":0,"119":0,"120":0,"121":0,"122":0,"123":0,"124":0,"125":0,"126":0,"127":0,"128":0,"129":0,"130":0,"131":1,"132":0,"133":0,"134":0,"135":0,"136":0,"137":0,"138":0,"139":0,"140":0,"141":0,"142":0,"143":0,"144":0,"145":0,"146":1,"147":0,"148":0,"149":0,"150":0,"151":0,"152":0,"153":0,"154":0,"155":0,"156":0,"157":0,"158":0,"159":0,"160":0,"161":0,"162":0,"163":0,"164":0,"165":1,"166":0,"167":0,"168":0,"169":0,"170":0,"171":0,"172":0,"173":0,"174":0,"175":0,"176":0,"177":0,"178":0,"179":0,"180":0,"181":0,"182":0,"183":0,"184":0,"185":0,"186":0,"187":0,"188":0,"189":0,"190":1,"191":0,"192":0,"193":0,"194":0,"195":0,"196":0,"197":0,"198":0,"199":0,"200":0,"201":0,"202":0,"203":0,"204":0,"205":0,"206":0,"207":0,"208":0,"209":0,"210":0,"211":0,"212":0,"213":0,"214":0,"215":0,"216":0,"217":0,"218":0,"219":0,"220":0,"221":0,"222":0,"223":0,"224":0,"225":0,"226":0,"227":0,"228":0,"229":0,"230":0,"231":0,"232":0,"233":0,"234":0,"235":0,"236":0,"237":0,"238":0,"239":0,"240":0,"241":0,"242":0,"243":0,"244":0,"245":0,"246":0,"247":0,"248":0,"249":0,"250":0,"251":0,"252":0,"253":0,"254":0,"255":0,"256":0,"257":0,"258":0,"259":0,"260":0,"261":0,"262":0,"263":0,"264":0,"265":1,"266":0,"267":0,"268":0,"269":0,"270":0,"271":0,"272":0,"273":0,"274":0,"275":0,"276":0,"277":0,"278":0,"279":0,"280":0,"281":0,"282":0,"283":0,"284":0,"285":0,"286":0,"287":0,"288":0,"289":0,"290":0,"291":0,"292":0,"293":0,"294":1,"295":0,"296":0,"297":0,"298":0,"299":0,"300":0,"301":0,"302":0,"303":0,"304":0,"305":0,"306":0,"307":0,"308":0,"309":0,"310":0,"311":0,"312":0,"313":0,"314":0,"315":0,"316":0,"317":0,"318":0,"319":0,"320":0,"321":0,"322":0,"323":0,"324":0,"325":0,"326":0,"327":1,"328":0,"329":0,"330":0,"331":0,"332":0,"333":0,"334":0,"335":0,"336":0,"337":0,"338":0,"339":0,"340":0,"341":0,"342":1,"343":0,"344":0,"345":0,"346":0,"347":0,"348":0,"349":0,"350":0,"351":0,"352":0,"353":0,"354":0,"355":0,"356":0,"357":0,"358":0,"359":0,"360":0,"361":0,"362":0,"363":0,"364":0,"365":0,"366":1,"367":0,"368":0,"369":0,"370":0,"371":0,"372":0,"373":0,"374":0,"375":0,"376":0,"377":0,"378":1,"379":0,"380":0,"381":0,"382":0,"383":0,"384":0,"385":0,"386":0,"387":0,"388":0,"389":0,"390":0,"391":0,"392":0,"393":0,"394":0,"395":0,"396":0,"397":0,"398":0,"399":0,"400":0,"401":0,"402":0,"403":0,"404":0,"405":0,"406":0,"407":0,"408":0,"409":0,"410":0,"411":0,"412":0,"413":0,"414":0,"415":0,"416":0,"417":1,"418":0,"419":0,"420":0,"421":0,"422":0,"423":0,"424":0,"425":0,"426":0,"427":0,"428":0,"429":0,"430":0,"431":0,"432":0,"433":0,"434":0,"435":0,"436":0,"437":0,"438":0,"439":0,"440":0,"441":0,"442":0,"443":0,"444":0,"445":0,"446":0,"447":0,"448":0,"449":0,"450":0,"451":0,"452":0,"453":0,"454":0,"455":0,"456":1,"457":0,"458":0,"459":0,"460":0,"461":0,"462":0,"463":0,"464":0,"465":0,"466":0,"467":0,"468":0,"469":0,"470":0,"471":0,"472":0,"473":0,"474":0,"475":0,"476":0,"477":0,"478":0,"479":0,"480":0,"481":0,"482":0,"483":0,"484":0,"485":0,"486":0,"487":0,"488":0,"489":0,"490":0,"491":0,"492":0,"493":0,"494":0,"495":1,"496":0,"497":0,"498":0,"499":0,"500":0,"501":0,"502":0,"503":0,"504":1,"505":0,"506":0,"507":0,"508":0,"509":0,"510":0,"511":0,"512":0,"513":0,"514":0,"515":0,"516":0,"517":0,"518":0,"519":0,"520":0,"521":0,"522":0,"523":0,"524":0,"525":0,"526":0,"527":1,"528":0,"529":0,"530":0,"531":0,"532":0,"533":0,"534":0,"535":0,"536":0,"537":0,"538":0,"539":0,"540":0,"541":0,"542":0,"543":0,"544":0,"545":0,"546":0,"547":0,"548":0,"549":0,"550":0,"551":0,"552":0,"553":0,"554":0,"555":0,"556":0,"557":0,"558":0,"559":0,"560":0,"561":0,"562":0,"563":0,"564":1,"565":0,"566":0,"567":0,"568":0,"569":0,"570":0,"571":0,"572":0,"573":0,"574":0,"575":0,"576":0,"577":0,"578":0,"579":0,"580":0,"581":0,"582":0,"583":0,"584":0,"585":0,"586":0,"587":0,"588":0,"589":0,"590":0,"591":0,"592":0,"593":0,"594":0,"595":0,"596":0,"597":0,"598":0,"599":0,"600":0,"601":0,"602":0,"603":0,"604":0,"605":0,"606":0,"607":0,"608":0,"609":0,"610":0,"611":0,"612":0,"613":0,"614":0,"615":0,"616":0,"617":0,"618":0,"619":0,"620":0,"621":0,"622":0,"623":0,"624":0,"625":0,"626":0,"627":0,"628":0,"629":0,"630":0,"631":0,"632":0,"633":0,"634":0,"635":0,"636":0,"637":0,"638":0,"639":0,"640":0,"641":0,"642":0,"643":0,"644":0,"645":0,"646":0,"647":0,"648":0,"649":0,"650":0,"651":0,"652":0,"653":0,"654":0,"655":0,"656":0,"657":1,"658":0,"659":0,"660":0,"661":0,"662":0,"663":0,"664":0,"665":0,"666":0,"667":0,"668":0,"669":0,"670":0,"671":0,"672":0,"673":0,"674":0,"675":0,"676":0,"677":0,"678":0,"679":0,"680":0,"681":0,"682":0,"683":0,"684":0,"685":0,"686":0,"687":0,"688":0,"689":0,"690":0,"691":0,"692":0,"693":0,"694":0,"695":0,"696":0,"697":0,"698":0,"699":0,"700":0,"701":0,"702":0,"703":0,"704":0,"705":0,"706":0,"707":0,"708":0,"709":0,"710":0,"711":0,"712":0,"713":0,"714":0,"715":0,"716":0,"717":0,"718":0,"719":0,"720":0,"721":0,"722":0,"723":0,"724":0,"725":0,"726":0,"727":0,"728":0,"729":0,"730":0,"731":0,"732":0,"733":0,"734":0,"735":0,"736":0,"737":0,"738":0,"739":0,"740":0,"741":0,"742":0,"743":0,"744":0,"745":0,"746":0,"747":0,"748":0,"749":0,"750":0,"751":0,"752":0,"753":0,"754":0,"755":0,"756":0,"757":0,"758":0,"759":0,"760":0,"761":0,"762":0,"763":0,"764":0,"765":0,"766":0,"767":0,"768":0,"769":0,"770":0,"771":0,"772":0,"773":0,"774":0,"775":0,"776":0,"777":0,"778":0,"779":0,"780":0,"781":0,"782":0,"783":0,"784":0,"785":0,"786":0,"787":0,"788":0,"789":0,"790":0,"791":0,"792":0,"793":0,"794":0,"795":0,"796":0,"797":0,"798":0,"799":0,"800":0,"801":0,"802":0,"803":0,"804":0,"805":0,"806":0,"807":0,"808":0,"809":0,"810":0,"811":0,"812":1},"b":{"1":[0,0],"2":[0,0],"3":[0,0],"4":[0,0],"5":[0,0],"6":[0,0],"7":[0,0,0],"8":[0,0],"9":[0,0],"10":[0,0],"11":[0,0],"12":[0,0],"13":[0,0],"14":[0,0],"15":[0,0],"16":[0,0],"17":[0,0],"18":[0,0],"19":[0,0],"20":[0,0],"21":[0,0],"22":[0,0],"23":[0,0],"24":[0,0],"25":[0,0],"26":[0,0],"27":[0,0],"28":[0,0],"29":[0,0],"30":[0,0],"31":[0,0],"32":[0,0],"33":[0,0],"34":[0,0],"35":[0,0],"36":[0,0],"37":[0,0],"38":[0,0],"39":[0,0],"40":[0,0],"41":[0,0],"42":[0,0],"43":[0,0],"44":[0,0],"45":[0,0],"46":[0,0],"47":[0,0],"48":[0,0],"49":[0,0],"50":[0,0],"51":[0,0],"52":[0,0],"53":[0,0],"54":[0,0],"55":[0,0],"56":[0,0],"57":[0,0],"58":[0,0],"59":[0,0],"60":[0,0],"61":[0,0],"62":[0,0],"63":[0,0],"64":[0,0],"65":[0,0],"66":[0,0],"67":[0,0],"68":[0,0],"69":[0,0],"70":[0,0],"71":[0,0],"72":[0,0],"73":[0,0],"74":[0,0],"75":[0,0],"76":[0,0],"77":[0,0],"78":[0,0],"79":[0,0],"80":[0,0],"81":[0,0],"82":[0,0],"83":[0,0],"84":[0,0],"85":[0,0],"86":[0,0],"87":[0,0],"88":[0,0],"89":[0,0],"90":[0,0],"91":[0,0],"92":[0,0],"93":[0,0],"94":[0,0],"95":[0,0],"96":[0,0],"97":[0,0],"98":[0,0],"99":[0,0],"100":[0,0],"101":[0,0],"102":[0,0],"103":[0,0],"104":[0,0],"105":[0,0],"106":[0,0],"107":[0,0],"108":[0,0],"109":[0,0],"110":[0,0],"111":[0,0],"112":[0,0],"113":[0,0],"114":[0,0],"115":[0,0],"116":[0,0],"117":[0,0],"118":[0,0],"119":[0,0],"120":[0,0],"121":[0,0],"122":[0,0],"123":[0,0],"124":[0,0],"125":[0,0],"126":[0,0],"127":[0,0],"128":[0,0],"129":[0,0],"130":[0,0],"131":[0,0],"132":[0,0],"133":[0,0],"134":[0,0],"135":[0,0],"136":[0,0],"137":[0,0],"138":[0,0],"139":[0,0],"140":[0,0],"141":[0,0],"142":[0,0],"143":[0,0],"144":[0,0],"145":[0,0],"146":[0,0],"147":[0,0],"148":[0,0],"149":[0,0],"150":[0,0],"151":[0,0],"152":[0,0],"153":[0,0],"154":[0,0],"155":[0,0],"156":[0,0],"157":[0,0],"158":[0,0],"159":[0,0],"160":[0,0],"161":[0,0],"162":[0,0],"163":[0,0],"164":[0,0],"165":[0,0],"166":[0,0],"167":[0,0],"168":[0,0],"169":[0,0],"170":[0,0],"171":[0,0],"172":[0,0],"173":[0,0],"174":[0,0],"175":[0,0],"176":[0,0],"177":[0,0],"178":[0,0],"179":[0,0],"180":[0,0],"181":[0,0],"182":[0,0],"183":[0,0],"184":[0,0],"185":[0,0],"186":[0,0],"187":[0,0],"188":[0,0],"189":[0,0],"190":[0,0],"191":[0,0],"192":[0,0],"193":[0,0],"194":[0,0],"195":[0,0],"196":[0,0],"197":[0,0],"198":[0,0],"199":[0,0],"200":[0,0],"201":[0,0],"202":[0,0],"203":[0,0],"204":[0,0],"205":[0,0],"206":[0,0],"207":[0,0],"208":[0,0],"209":[0,0],"210":[0,0],"211":[0,0],"212":[0,0],"213":[0,0],"214":[0,0],"215":[0,0],"216":[0,0],"217":[0,0],"218":[0,0],"219":[0,0],"220":[0,0],"221":[0,0],"222":[0,0],"223":[0,0],"224":[0,0],"225":[0,0],"226":[0,0]},"f":{"1":1,"2":1,"3":1,"4":0,"5":0,"6":0,"7":0,"8":0,"9":0,"10":0,"11":0,"12":0,"13":0,"14":0,"15":0,"16":0,"17":0,"18":0,"19":0,"20":0,"21":0,"22":0,"23":0,"24":0,"25":0,"26":0,"27":0,"28":0,"29":0,"30":0,"31":0,"32":0,"33":0,"34":0,"35":0,"36":0,"37":0,"38":0,"39":0,"40":0,"41":0,"42":0,"43":0,"44":0,"45":0,"46":0,"47":0,"48":0,"49":0,"50":0,"51":0,"52":0,"53":0,"54":0},"fnMap":{"1":{"name":"(anonymous_1)","line":1,"loc":{"start":{"line":1,"column":18},"end":{"line":1,"column":29}}},"2":{"name":"peg$subclass","line":8,"loc":{"start":{"line":8,"column":2},"end":{"line":8,"column":39}}},"3":{"name":"ctor","line":9,"loc":{"start":{"line":9,"column":4},"end":{"line":9,"column":20}}},"4":{"name":"SyntaxError","line":14,"loc":{"start":{"line":14,"column":2},"end":{"line":14,"column":71}}},"5":{"name":"parse","line":27,"loc":{"start":{"line":27,"column":2},"end":{"line":27,"column":24}}},"6":{"name":"(anonymous_6)","line":38,"loc":{"start":{"line":38,"column":17},"end":{"line":38,"column":38}}},"7":{"name":"(anonymous_7)","line":41,"loc":{"start":{"line":41,"column":17},"end":{"line":41,"column":39}}},"8":{"name":"(anonymous_8)","line":46,"loc":{"start":{"line":46,"column":17},"end":{"line":46,"column":28}}},"9":{"name":"(anonymous_9)","line":51,"loc":{"start":{"line":51,"column":18},"end":{"line":51,"column":29}}},"10":{"name":"(anonymous_10)","line":56,"loc":{"start":{"line":56,"column":18},"end":{"line":56,"column":33}}},"11":{"name":"(anonymous_11)","line":61,"loc":{"start":{"line":61,"column":18},"end":{"line":61,"column":40}}},"12":{"name":"(anonymous_12)","line":64,"loc":{"start":{"line":64,"column":18},"end":{"line":64,"column":37}}},"13":{"name":"(anonymous_13)","line":67,"loc":{"start":{"line":67,"column":18},"end":{"line":67,"column":33}}},"14":{"name":"(anonymous_14)","line":68,"loc":{"start":{"line":68,"column":18},"end":{"line":68,"column":40}}},"15":{"name":"(anonymous_15)","l
[...]
FAILED;","          if (peg$silentFails === 0) { peg$fail(peg$c50); }","        }","        if (s0 === peg$FAILED) {","          if (input.substr(peg$currPos, 4) === peg$c51) {","            s0 = peg$c51;","            peg$currPos += 4;","          } else {","            s0 = peg$FAILED;","            if (peg$silentFails === 0) { peg$fail(peg$c52); }","          }","          if (s0 === peg$FAILED) {","            if (input.substr(peg$currPos, 3) === peg$c53) {","              s0 = peg$c53;","              peg$currPos += 3;","            } else {","              s0 = peg$FAILED;","              if (peg$silentFails === 0) { peg$fail(peg$c54); }","            }","            if (s0 === peg$FAILED) {","              if (input.substr(peg$currPos, 3) === peg$c55) {","                s0 = peg$c55;","                peg$currPos += 3;","              } else {","                s0 = peg$FAILED;","                if (peg$silentFails === 0) { peg$fail(peg$c56); }","              }","              if (s0 === peg$FAILED) {","                if (input.substr(peg$currPos, 3) === peg$c57) {","                  s0 = peg$c57;","                  peg$currPos += 3;","                } else {","                  s0 = peg$FAILED;","                  if (peg$silentFails === 0) { peg$fail(peg$c58); }","                }","                if (s0 === peg$FAILED) {","                  if (input.substr(peg$currPos, 3) === peg$c59) {","                    s0 = peg$c59;","                    peg$currPos += 3;","                  } else {","                    s0 = peg$FAILED;","                    if (peg$silentFails === 0) { peg$fail(peg$c60); }","                  }","                  if (s0 === peg$FAILED) {","                    if (input.substr(peg$currPos, 5) === peg$c61) {","                      s0 = peg$c61;","                      peg$currPos += 5;","                    } else {","                      s0 = peg$FAILED;","                      if (peg$silentFails === 0) { peg$fail(peg$c62); }","                    }","                    if (s0 === peg$FAILED) {","                      if (input.substr(peg$currPos, 2) === peg$c63) {","                        s0 = peg$c63;","                        peg$currPos += 2;","                      } else {","                        s0 = peg$FAILED;","                        if (peg$silentFails === 0) { peg$fail(peg$c64); }","                      }","                      if (s0 === peg$FAILED) {","                        if (input.substr(peg$currPos, 3) === peg$c65) {","                          s0 = peg$c65;","                          peg$currPos += 3;","                        } else {","                          s0 = peg$FAILED;","                          if (peg$silentFails === 0) { peg$fail(peg$c66); }","                        }","                        if (s0 === peg$FAILED) {","                          if (input.substr(peg$currPos, 4) === peg$c67) {","                            s0 = peg$c67;","                            peg$currPos += 4;","                          } else {","                            s0 = peg$FAILED;","                            if (peg$silentFails === 0) { peg$fail(peg$c68); }","                          }","                          if (s0 === peg$FAILED) {","                            if (input.substr(peg$currPos, 3) === peg$c69) {","                              s0 = peg$c69;","                              peg$currPos += 3;","                            } else {","                              s0 = peg$FAILED;","                              if (peg$silentFails === 0) { peg$fail(peg$c70); }","                            }","                            if (s0 === peg$FAILED) {","                              if (input.substr(peg$currPos, 6) === peg$c71) {","                                s0 = peg$c71;","                                peg$currPos += 6;","                              } else {","                                s0 = peg$FAILED;","                                if (peg$silentFails === 0) { peg$fail(peg$c72); }","                              }","                            }","                          }","                        }","                      }","                    }","                  }","                }","              }","            }","          }","        }","      }","","      return s0;","    }","","    function peg$parseletter() {","      var s0;","","      if (input.charCodeAt(peg$currPos) === 65) {","        s0 = peg$c73;","        peg$currPos++;","      } else {","        s0 = peg$FAILED;","        if (peg$silentFails === 0) { peg$fail(peg$c74); }","      }","      if (s0 === peg$FAILED) {","        if (input.charCodeAt(peg$currPos) === 66) {","          s0 = peg$c75;","          peg$currPos++;","        } else {","          s0 = peg$FAILED;","          if (peg$silentFails === 0) { peg$fail(peg$c76); }","        }","        if (s0 === peg$FAILED) {","          if (input.charCodeAt(peg$currPos) === 67) {","            s0 = peg$c77;","            peg$currPos++;","          } else {","            s0 = peg$FAILED;","            if (peg$silentFails === 0) { peg$fail(peg$c78); }","          }","          if (s0 === peg$FAILED) {","            if (input.charCodeAt(peg$currPos) === 68) {","              s0 = peg$c79;","              peg$currPos++;","            } else {","              s0 = peg$FAILED;","              if (peg$silentFails === 0) { peg$fail(peg$c80); }","            }","            if (s0 === peg$FAILED) {","              if (input.charCodeAt(peg$currPos) === 70) {","                s0 = peg$c81;","                peg$currPos++;","              } else {","                s0 = peg$FAILED;","                if (peg$silentFails === 0) { peg$fail(peg$c82); }","              }","              if (s0 === peg$FAILED) {","                if (input.charCodeAt(peg$currPos) === 71) {","                  s0 = peg$c83;","                  peg$currPos++;","                } else {","                  s0 = peg$FAILED;","                  if (peg$silentFails === 0) { peg$fail(peg$c84); }","                }","                if (s0 === peg$FAILED) {","                  if (input.charCodeAt(peg$currPos) === 72) {","                    s0 = peg$c85;","                    peg$currPos++;","                  } else {","                    s0 = peg$FAILED;","                    if (peg$silentFails === 0) { peg$fail(peg$c86); }","                  }","                  if (s0 === peg$FAILED) {","                    if (input.charCodeAt(peg$currPos) === 73) {","                      s0 = peg$c87;","                      peg$currPos++;","                    } else {","                      s0 = peg$FAILED;","                      if (peg$silentFails === 0) { peg$fail(peg$c88); }","                    }","                    if (s0 === peg$FAILED) {","                      if (input.charCodeAt(peg$currPos) === 74) {","                        s0 = peg$c89;","                        peg$currPos++;","                      } else {","                        s0 = peg$FAILED;","                        if (peg$silentFails === 0) { peg$fail(peg$c90); }","                      }","                      if (s0 === peg$FAILED) {","                        if (input.charCodeAt(peg$currPos) === 75) {","                          s0 = peg$c91;","                          peg$currPos++;","                        } else {","                          s0 = peg$FAILED;","                          if (peg$silentFails === 0) { peg$fail(peg$c92); }","                        }","                        if (s0 === peg$FAILED) {","                          if (input.charCodeAt(peg$currPos) === 76) {","                            s0 = peg$c93;","                            peg$currPos++;","                          } else {","                            s0 = peg$FAILED;","                            if (peg$silentFails === 0) { peg$fail(peg$c94); }","                          }","                          if (s0 === peg$FAILED) {","                            if (input.charCodeAt(peg$currPos) === 77) {","                              s0 = peg$c95;","                              peg$currPos++;","                            } else {","                              s0 = peg$FAILED;","                              if (peg$silentFails === 0) { peg$fail(peg$c96); }","                            }","                            if (s0 === peg$FAILED) {","                              if (input.charCodeAt(peg$currPos) === 80) {","                                s0 = peg$c97;","                                peg$currPos++;","                              } else {","                                s0 = peg$FAILED;","                                if (peg$silentFails === 0) { peg$fail(peg$c98); }","                              }","                              if (s0 === peg$FAILED) {","                                if (input.charCodeAt(peg$currPos) === 81) {","                                  s0 = peg$c99;","                                  peg$currPos++;","                                } else {","                                  s0 = peg$FAILED;","                                  if (peg$silentFails === 0) { peg$fail(peg$c100); }","                                }","                                if (s0 === peg$FAILED) {","                                  if (input.charCodeAt(peg$currPos) === 82) {","                                    s0 = peg$c101;","                                    peg$currPos++;","                                  } else {","                                    s0 = peg$FAILED;","                                    if (peg$silentFails === 0) { peg$fail(peg$c102); }","                                  }","                                  if (s0 === peg$FAILED) {","                                    if (input.charCodeAt(peg$currPos) === 83) {","                                      s0 = peg$c103;","                                      peg$currPos++;","                                    } else {","                                      s0 = peg$FAILED;","                                      if (peg$silentFails === 0) { peg$fail(peg$c104); }","                                    }","                                    if (s0 === peg$FAILED) {","                                      if (input.charCodeAt(peg$currPos) === 84) {","                                        s0 = peg$c105;","                                        peg$currPos++;","                                      } else {","                                        s0 = peg$FAILED;","                                        if (peg$silentFails === 0) { peg$fail(peg$c106); }","                                      }","                                      if (s0 === peg$FAILED) {","                                        if (input.charCodeAt(peg$currPos) === 88) {","                                          s0 = peg$c107;","                                          peg$currPos++;","                                        } else {","                                          s0 = peg$FAILED;","                                          if (peg$silentFails === 0) { peg$fail(peg$c108); }","                                        }","                                        if (s0 === peg$FAILED) {","                                          if (input.charCodeAt(peg$currPos) === 89) {","                                            s0 = peg$c109;","                                            peg$currPos++;","                                          } else {","                                            s0 = peg$FAILED;","                                            if (peg$silentFails === 0) { peg$fail(peg$c110); }","                                          }","                                          if (s0 === peg$FAILED) {","                                            if (input.charCodeAt(peg$currPos) === 90) {","                                              s0 = peg$c111;","                                              peg$currPos++;","                                            } else {","                                              s0 = peg$FAILED;","                                              if (peg$silentFails === 0) { peg$fail(peg$c112); }","                                            }","                                          }","                                        }","                                      }","                                    }","                                  }","                                }","                              }","                            }","                          }","                        }","                      }","                    }","                  }","                }","              }","            }","          }","        }","      }","","      return s0;","    }","","","       buildTree = function(first, rest) {","          if(rest.length == 0) {","              return first;","          } else { ","              var next = rest.shift();","              var operator = next[0]","              var term = next[1]","              return {left: first, right: buildTree(term, rest), op: operator};","          }","       }","","","    peg$result = peg$startRuleFunction();","","    if (peg$result !== peg$FAILED && peg$currPos === input.length) {","      return peg$result;","    } else {","      if (peg$result !== peg$FAILED && peg$currPos < input.length) {","        peg$fail({ type: \"end\", description: \"end of input\" });","      }","","      throw peg$buildException(null, peg$maxFailExpected, peg$maxFailPos);","    }","  }","","  return {","    SyntaxError: SyntaxError,","    parse:       parse","  };","})();",""],"l":{"1":1,"8":1,"9":1,"10":1,"11":1,"14":1,"15":0,"16":0,"17":0,"18":0,"19":0,"20":0,"22":0,"25":1,"27":1,"28":0,"39":0,"41":0,"46":0,"51":0,"56":0,"62":0,"64":0,"67":0,"69":0,"72":0,"167":0,"168":0,"169":0,"172":0,"175":1,"176":0,"179":1,"180":0,"183":1,"184":0,"187":1,"188":0,"191":1,"192":0,"199":1,"200":0,"203":1,"204":1,"205":0,"207":0,"208":0,"209":0,"210":0,"211":0,"212":0,"213":0,"214":0,"215":0,"216":0,"218":0,"219":0,"224":0,"225":0,"226":0,"227":0,"229":0,"230":0,"233":0,"236":1,"237":0,"239":0,"240":0,"241":0,"244":0,"247":1,"248":1,"249":0,"251":0,"252":0,"253":0,"254":0,"255":0,"257":0,"261":0,"262":0,"263":0,"265":0,"270":1,"271":1,"272":1,"274":0,"282":0,"283":0,"284":0,"285":0,"288":0,"291":0,"292":0,"295":0,"301":0,"303":0,"306":0,"309":0,"310":0,"313":0,"323":1,"324":0,"326":0,"328":0,"331":1,"332":0,"334":0,"335":0,"336":0,"337":0,"339":0,"340":0,"341":0,"342":0,"343":0,"344":0,"346":0,"347":0,"348":0,"349":0,"351":0,"352":0,"355":0,"356":0,"359":0,"362":1,"363":0,"365":0,"366":0,"367":0,"368":0,"369":0,"370":0,"371":0,"372":0,"374":0,"375":0,"378":0,"379":0,"382":0,"385":1,"386":0,"388":0,"389":0,"390":0,"391":0,"393":0,"394":0,"396":0,"397":0,"398":0,"399":0,"400":0,"402":0,"403":0,"406":0,"407":0,"410":0,"413":1,"414":0,"416":0,"417":0,"418":0,"419":0,"420":0,"422":0,"423":0,"425":0,"426":0,"427":0,"428":0,"429":0,"430":0,"432":0,"433":0,"437":0,"439":0,"440":0,"441":0,"443":0,"445":0,"448":1,"449":0,"451":0,"452":0,"453":0,"454":0,"456":0,"457":0,"459":0,"460":0,"462":0,"463":0,"464":0,"465":0,"466":0,"468":0,"469":0,"471":0,"472":0,"473":0,"474":0,"475":0,"476":0,"478":0,"479":0,"483":0,"485":0,"486":0,"487":0,"488":0,"489":0,"491":0,"492":0,"494":0,"495":0,"496":0,"497":0,"498":0,"500":0,"501":0,"503":0,"504":0,"505":0,"506":0,"507":0,"508":0,"510":0,"511":0,"515":0,"517":0,"518":0,"519":0,"521":0,"522":0,"525":0,"526":0,"528":0,"529":0,"531":0,"532":0,"533":0,"534":0,"536":0,"537":0,"540":0,"541":0,"544":0,"545":0,"548":0,"551":1,"552":0,"554":0,"555":0,"556":0,"557":0,"559":0,"560":0,"562":0,"563":0,"564":0,"565":0,"566":0,"567":0,"569":0,"570":0,"572":0,"573":0,"574":0,"575":0,"577":0,"578":0,"581":0,"582":0,"585":0,"586":0,"589":0,"592":1,"593":0,"595":0,"596":0,"597":0,"598":0,"600":0,"601":0,"603":0,"604":0,"605":0,"606":0,"607":0,"608":0,"610":0,"611":0,"613":0,"614":0,"615":0,"616":0,"617":0,"618":0,"620":0,"621":0,"624":0,"625":0,"628":0,"629":0,"632":0,"633":0,"636":0,"639":1,"640":0,"642":0,"643":0,"644":0,"645":0,"646":0,"647":0,"648":0,"649":0,"651":0,"652":0,"655":0,"656":0,"659":0,"662":1,"663":0,"665":0,"666":0,"667":0,"668":0,"670":0,"671":0,"673":0,"674":0,"675":0,"676":0,"677":0,"678":0,"681":0,"682":0,"683":0,"684":0,"686":0,"687":0,"690":0,"691":0,"694":0,"697":1,"698":0,"700":0,"701":0,"702":0,"703":0,"704":0,"705":0,"706":0,"707":0,"708":0,"714":0,"717":1,"718":0,"720":0,"721":0,"722":0,"723":0,"724":0,"725":0,"726":0,"727":0,"728":0,"729":0,"730":0,"732":0,"733":0,"736":0,"737":0,"739":0,"740":0,"741":0,"742":0,"743":0,"744":0,"745":0,"746":0,"747":0,"749":0,"750":0,"753":0,"754":0,"757":0,"758":0,"759":0,"760":0,"762":0,"763":0,"766":0,"767":0,"770":0,"773":1,"774":0,"776":0,"777":0,"778":0,"779":0,"780":0,"781":0,"782":0,"783":0,"784":0,"785":0,"786":0,"788":0,"789":0,"792":0,"793":0,"795":0,"796":0,"797":0,"798":0,"799":0,"800":0,"801":0,"802":0,"803":0,"805":0,"806":0,"809":0,"810":0,"813":0,"814":0,"815":0,"816":0,"818":0,"819":0,"822":0,"823":0,"826":0,"829":1,"830":0,"832":0,"833":0,"834":0,"835":0,"836":0,"837":0,"838":0,"839":0,"840":0,"841":0,"842":0,"844":0,"845":0,"848":0,"849":0,"851":0,"852":0,"853":0,"854":0,"855":0,"856":0,"857":0,"858":0,"859":0,"861":0,"862":0,"865":0,"866":0,"869":0,"870":0,"871":0,"872":0,"874":0,"875":0,"878":0,"879":0,"882":0,"885":1,"886":0,"888":0,"889":0,"890":0,"892":0,"893":0,"896":0,"899":1,"900":0,"902":0,"903":0,"904":0,"906":0,"907":0,"909":0,"910":0,"911":0,"912":0,"914":0,"915":0,"917":0,"918":0,"919":0,"920":0,"922":0,"923":0,"928":0,"931":1,"932":0,"934":0,"935":0,"936":0,"938":0,"939":0,"941":0,"942":0,"943":0,"944":0,"946":0,"947":0,"949":0,"950":0,"951":0,"952":0,"954":0,"955":0,"957":0,"958":0,"959":0,"960":0,"962":0,"963":0,"965":0,"966":0,"967":0,"968":0,"970":0,"971":0,"978":0,"981":1,"982":0,"984":0,"985":0,"986":0,"988":0,"989":0,"991":0,"992":0,"993":0,"994":0,"996":0,"997":0,"999":0,"1000":0,"1001":0,"1002":0,"1004":0,"1005":0,"1007":0,"1008":0,"1009":0,"1010":0,"1012":0,"1013":0,"1015":0,"1016":0,"1017":0,"1018":0,"1020":0,"1021":0,"1023":0,"1024":0,"1025":0,"1026":0,"1028":0,"1029":0,"1031":0,"1032":0,"1033":0,"1034":0,"1036":0,"1037":0,"1039":0,"1040":0,"1041":0,"1042":0,"1044":0,"1045":0,"1047":0,"1048":0,"1049":0,"1050":0,"1052":0,"1053":0,"1055":0,"1056":0,"1057":0,"1058":0,"1060":0,"1061":0,"1063":0,"1064":0,"1065":0,"1066":0,"1068":0,"1069":0,"1071":0,"1072":0,"1073":0,"1074":0,"1076":0,"1077":0,"1079":0,"1080":0,"1081":0,"1082":0,"1084":0,"1085":0,"1100":0,"1103":1,"1104":0,"1106":0,"1107":0,"1108":0,"1110":0,"1111":0,"1113":0,"1114":0,"1115":0,"1116":0,"1118":0,"1119":0,"1121":0,"1122":0,"1123":0,"1124":0,"1126":0,"1127":0,"1129":0,"1130":0,"1131":0,"1132":0,"1134":0,"1135":0,"1137":0,"1138":0,"1139":0,"1140":0,"1142":0,"1143":0,"1145":0,"1146":0,"1147":0,"1148":0,"1150":0,"1151":0,"1153":0,"1154":0,"1155":0,"1156":0,"1158":0,"1159":0,"1161":0,"1162":0,"1163":0,"1164":0,"1166":0,"1167":0,"1169":0,"1170":0,"1171":0,"1172":0,"1174":0,"1175":0,"1177":0,"1178":0,"1179":0,"1180":0,"1182":0,"1183":0,"1185":0,"1186":0,"1187":0,"1188":0,"1190":0,"1191":0,"1193":0,"1194":0,"1195":0,"1196":0,"1198":0,"1199":0,"1201":0,"1202":0,"1203":0,"1204":0,"1206":0,"1207":0,"1209":0,"1210":0,"1211":0,"1212":0,"1214":0,"1215":0,"1217":0,"1218":0,"1219":0,"1220":0,"1222":0,"1223":0,"1225":0,"1226":0,"1227":0,"1228":0,"1230":0,"1231":0,"1233":0,"1234":0,"1235":0,"1236":0,"1238":0,"1239":0,"1241":0,"1242":0,"1243":0,"1244":0,"1246":0,"1247":0,"1249":0,"1250":0,"1251":0,"1252":0,"1254":0,"1255":0,"1257":0,"1258":0,"1259":0,"1260":0,"1262":0,"1263":0,"1285":0,"1289":0,"1290":0,"1291":0,"1293":0,"1294":0,"1295":0,"1296":0,"1301":0,"1303":0,"1304":0,"1306":0,"1307":0,"1310":0,"1314":1}}}